#! /c/Source/iverilog-install/bin/vvp
:ivl_version "12.0 (devel)" "(s20150603-1539-g2693dd32b)";
:ivl_delay_selection "TYPICAL";
:vpi_time_precision - 12;
:vpi_module "C:\iverilog\lib\ivl\system.vpi";
:vpi_module "C:\iverilog\lib\ivl\vhdl_sys.vpi";
:vpi_module "C:\iverilog\lib\ivl\vhdl_textio.vpi";
:vpi_module "C:\iverilog\lib\ivl\v2005_math.vpi";
:vpi_module "C:\iverilog\lib\ivl\va_math.vpi";
S_000001fb063f0b50 .scope module, "mips_tb" "mips_tb" 2 13;
 .timescale -9 -12;
v000001fb067997a0_0 .net "alu_result", 31 0, L_000001fb0640d750;  1 drivers
v000001fb067998e0_0 .var "clk", 0 0;
v000001fb0679aec0_0 .net "pc_out", 31 0, L_000001fb063e8ab0;  1 drivers
v000001fb067992a0_0 .net "pwm_out", 0 0, v000001fb063ec950_0;  1 drivers
v000001fb0679aa60_0 .var "rst_n", 0 0;
S_000001fb0639ed00 .scope module, "uut" "mips" 2 26, 3 15 0, S_000001fb063f0b50;
 .timescale -9 -12;
    .port_info 0 /INPUT 1 "clk";
    .port_info 1 /INPUT 1 "rst_n";
    .port_info 2 /OUTPUT 1 "pwm_out";
    .port_info 3 /OUTPUT 32 "pc_out";
    .port_info 4 /OUTPUT 32 "alu_result";
v000001fb06797dd0_0 .net "alu_ctrl_D", 2 0, v000001fb063ed8f0_0;  1 drivers
v000001fb067978d0_0 .net "alu_result", 31 0, L_000001fb0640d750;  alias, 1 drivers
v000001fb067985f0_0 .net "alu_src_D", 0 0, L_000001fb0679b000;  1 drivers
v000001fb06798eb0_0 .net "branch_D", 0 0, L_000001fb06799980;  1 drivers
v000001fb06797b50_0 .net "clk", 0 0, v000001fb067998e0_0;  1 drivers
v000001fb06798690_0 .net "flush_E", 0 0, L_000001fb063e90d0;  1 drivers
v000001fb06797bf0_0 .net "forward_a_D", 1 0, v000001fb067976f0_0;  1 drivers
v000001fb067987d0_0 .net "forward_a_E", 1 0, v000001fb06797510_0;  1 drivers
v000001fb06798b90_0 .net "forward_b_D", 1 0, v000001fb067989b0_0;  1 drivers
v000001fb06797c90_0 .net "forward_b_E", 1 0, v000001fb06797830_0;  1 drivers
v000001fb06797f10_0 .net "instr_D", 31 0, v000001fb06793c70_0;  1 drivers
v000001fb06798050_0 .net "jump_D", 0 0, L_000001fb0679a6a0;  1 drivers
v000001fb06798c30_0 .net "mem_to_reg_D", 0 0, L_000001fb06799a20;  1 drivers
v000001fb06798ff0_0 .net "mem_to_reg_E", 0 0, v000001fb067945d0_0;  1 drivers
v000001fb067980f0_0 .net "mem_to_reg_M", 0 0, v000001fb06793db0_0;  1 drivers
v000001fb067982d0_0 .net "mem_write_D", 0 0, L_000001fb06799c00;  1 drivers
v000001fb0679a560_0 .net "pc_out", 31 0, L_000001fb063e8ab0;  alias, 1 drivers
v000001fb06799e80_0 .net "pwm_out", 0 0, v000001fb063ec950_0;  alias, 1 drivers
v000001fb0679ad80_0 .net "reg_dst_D", 0 0, L_000001fb0679ae20;  1 drivers
v000001fb0679a380_0 .net "reg_write_D", 0 0, L_000001fb0679af60;  1 drivers
v000001fb06799660_0 .net "reg_write_E", 0 0, v000001fb06795be0_0;  1 drivers
v000001fb06799700_0 .net "reg_write_M", 0 0, L_000001fb063e9290;  1 drivers
v000001fb0679a2e0_0 .net "reg_write_W", 0 0, L_000001fb063e9680;  1 drivers
v000001fb06799de0_0 .net "rs_D", 4 0, L_000001fb067f4310;  1 drivers
v000001fb0679a420_0 .net "rs_E", 4 0, L_000001fb063e8b20;  1 drivers
v000001fb06799b60_0 .net "rst_n", 0 0, v000001fb0679aa60_0;  1 drivers
v000001fb06799520_0 .net "rt_D", 4 0, L_000001fb067f4130;  1 drivers
v000001fb06799160_0 .net "rt_E", 4 0, v000001fb06795dc0_0;  1 drivers
v000001fb06799840_0 .net "stall_D", 0 0, L_000001fb063e8c70;  1 drivers
v000001fb0679a1a0_0 .net "stall_F", 0 0, L_000001fb063e8ff0;  1 drivers
v000001fb06799480_0 .net "write_reg_E", 4 0, L_000001fb063e9370;  1 drivers
v000001fb067995c0_0 .net "write_reg_M", 4 0, v000001fb06795140_0;  1 drivers
v000001fb0679ace0_0 .net "write_reg_W", 4 0, L_000001fb063e9610;  1 drivers
L_000001fb0679a600 .part v000001fb06793c70_0, 26, 6;
L_000001fb06799f20 .part v000001fb06793c70_0, 0, 6;
S_000001fb0639ee90 .scope module, "u_control" "control_unit" 3 41, 4 10 0, S_000001fb0639ed00;
 .timescale -9 -12;
    .port_info 0 /INPUT 6 "opcode";
    .port_info 1 /INPUT 6 "funct";
    .port_info 2 /OUTPUT 1 "mem_to_reg";
    .port_info 3 /OUTPUT 1 "mem_write";
    .port_info 4 /OUTPUT 1 "branch";
    .port_info 5 /OUTPUT 1 "alu_src";
    .port_info 6 /OUTPUT 1 "reg_dst";
    .port_info 7 /OUTPUT 1 "reg_write";
    .port_info 8 /OUTPUT 1 "jump";
    .port_info 9 /OUTPUT 3 "alu_ctrl";
v000001fb063ed990_0 .net "alu_ctrl", 2 0, v000001fb063ed8f0_0;  alias, 1 drivers
v000001fb063ee2f0_0 .net "alu_op", 1 0, L_000001fb06799ac0;  1 drivers
v000001fb063eda30_0 .net "alu_src", 0 0, L_000001fb0679b000;  alias, 1 drivers
v000001fb063ee390_0 .net "branch", 0 0, L_000001fb06799980;  alias, 1 drivers
v000001fb063ecdb0_0 .net "funct", 5 0, L_000001fb06799f20;  1 drivers
v000001fb063edb70_0 .net "jump", 0 0, L_000001fb0679a6a0;  alias, 1 drivers
v000001fb063edd50_0 .net "mem_to_reg", 0 0, L_000001fb06799a20;  alias, 1 drivers
v000001fb063ed030_0 .net "mem_write", 0 0, L_000001fb06799c00;  alias, 1 drivers
v000001fb063ede90_0 .net "opcode", 5 0, L_000001fb0679a600;  1 drivers
v000001fb063ed170_0 .net "reg_dst", 0 0, L_000001fb0679ae20;  alias, 1 drivers
v000001fb063ec8b0_0 .net "reg_write", 0 0, L_000001fb0679af60;  alias, 1 drivers
S_000001fb063b1620 .scope module, "u_alu_dec" "alu_decoder" 4 36, 5 10 0, S_000001fb0639ee90;
 .timescale -9 -12;
    .port_info 0 /INPUT 2 "alu_op";
    .port_info 1 /INPUT 6 "funct";
    .port_info 2 /OUTPUT 3 "alu_ctrl";
v000001fb063ed8f0_0 .var "alu_ctrl", 2 0;
v000001fb063edc10_0 .net "alu_op", 1 0, L_000001fb06799ac0;  alias, 1 drivers
v000001fb063ecbd0_0 .net "funct", 5 0, L_000001fb06799f20;  alias, 1 drivers
E_000001fb063cbc50 .event anyedge, v000001fb063edc10_0, v000001fb063ecbd0_0;
S_000001fb063b17b0 .scope module, "u_main_dec" "main_decoder" 4 24, 6 17 0, S_000001fb0639ee90;
 .timescale -9 -12;
    .port_info 0 /INPUT 6 "opcode";
    .port_info 1 /OUTPUT 1 "mem_to_reg";
    .port_info 2 /OUTPUT 1 "mem_write";
    .port_info 3 /OUTPUT 1 "branch";
    .port_info 4 /OUTPUT 1 "alu_src";
    .port_info 5 /OUTPUT 1 "reg_dst";
    .port_info 6 /OUTPUT 1 "reg_write";
    .port_info 7 /OUTPUT 1 "jump";
    .port_info 8 /OUTPUT 2 "alu_op";
v000001fb063ed0d0_0 .net *"_ivl_10", 8 0, L_000001fb067993e0;  1 drivers
v000001fb063ecb30_0 .net "alu_op", 1 0, L_000001fb06799ac0;  alias, 1 drivers
v000001fb063ec6d0_0 .net "alu_src", 0 0, L_000001fb0679b000;  alias, 1 drivers
v000001fb063ee4d0_0 .net "branch", 0 0, L_000001fb06799980;  alias, 1 drivers
v000001fb063ec770_0 .var "controls", 9 0;
v000001fb063ee070_0 .net "jump", 0 0, L_000001fb0679a6a0;  alias, 1 drivers
v000001fb063edcb0_0 .net "mem_to_reg", 0 0, L_000001fb06799a20;  alias, 1 drivers
v000001fb063ec810_0 .net "mem_write", 0 0, L_000001fb06799c00;  alias, 1 drivers
v000001fb063ed210_0 .net "opcode", 5 0, L_000001fb0679a600;  alias, 1 drivers
v000001fb063ee570_0 .net "reg_dst", 0 0, L_000001fb0679ae20;  alias, 1 drivers
v000001fb063edfd0_0 .net "reg_write", 0 0, L_000001fb0679af60;  alias, 1 drivers
E_000001fb063cc290 .event anyedge, v000001fb063ed210_0;
L_000001fb0679af60 .part L_000001fb067993e0, 8, 1;
L_000001fb0679ae20 .part L_000001fb067993e0, 7, 1;
L_000001fb0679b000 .part L_000001fb067993e0, 6, 1;
L_000001fb06799980 .part L_000001fb067993e0, 5, 1;
L_000001fb06799c00 .part L_000001fb067993e0, 4, 1;
L_000001fb06799a20 .part L_000001fb067993e0, 3, 1;
L_000001fb0679a6a0 .part L_000001fb067993e0, 2, 1;
L_000001fb06799ac0 .part L_000001fb067993e0, 0, 2;
L_000001fb067993e0 .part v000001fb063ec770_0, 0, 9;
S_000001fb0630d800 .scope module, "u_datapath" "datapath" 3 68, 7 10 0, S_000001fb0639ed00;
 .timescale -9 -12;
    .port_info 0 /INPUT 1 "clk";
    .port_info 1 /INPUT 1 "rst_n";
    .port_info 2 /INPUT 1 "reg_write_D";
    .port_info 3 /INPUT 1 "mem_to_reg_D";
    .port_info 4 /INPUT 1 "mem_write_D";
    .port_info 5 /INPUT 3 "alu_ctrl_D";
    .port_info 6 /INPUT 1 "alu_src_D";
    .port_info 7 /INPUT 1 "reg_dst_D";
    .port_info 8 /INPUT 1 "branch_D";
    .port_info 9 /INPUT 1 "jump_D";
    .port_info 10 /INPUT 1 "stall_F";
    .port_info 11 /INPUT 1 "stall_D";
    .port_info 12 /INPUT 1 "flush_E";
    .port_info 13 /INPUT 2 "forward_a_E";
    .port_info 14 /INPUT 2 "forward_b_E";
    .port_info 15 /INPUT 2 "forward_a_D";
    .port_info 16 /INPUT 2 "forward_b_D";
    .port_info 17 /OUTPUT 5 "rs_D";
    .port_info 18 /OUTPUT 5 "rt_D";
    .port_info 19 /OUTPUT 5 "rs_E";
    .port_info 20 /OUTPUT 5 "rt_E";
    .port_info 21 /OUTPUT 5 "write_reg_E";
    .port_info 22 /OUTPUT 1 "reg_write_E";
    .port_info 23 /OUTPUT 5 "write_reg_M";
    .port_info 24 /OUTPUT 5 "write_reg_W";
    .port_info 25 /OUTPUT 1 "reg_write_M";
    .port_info 26 /OUTPUT 1 "reg_write_W";
    .port_info 27 /OUTPUT 1 "mem_to_reg_E";
    .port_info 28 /OUTPUT 1 "mem_to_reg_M";
    .port_info 29 /OUTPUT 1 "pwm_out";
    .port_info 30 /OUTPUT 32 "instr_D";
    .port_info 31 /OUTPUT 32 "pc_out";
    .port_info 32 /OUTPUT 32 "alu_result_out";
L_000001fb063e8960 .functor NOT 1, L_000001fb063e8ff0, C4<0>, C4<0>, C4<0>;
L_000001fb063e8ab0 .functor BUFZ 32, v000001fb06792f20_0, C4<00000000000000000000000000000000>, C4<00000000000000000000000000000000>, C4<00000000000000000000000000000000>;
L_000001fb063e8dc0 .functor NOT 1, v000001fb067998e0_0, C4<0>, C4<0>, C4<0>;
L_000001fb063e89d0 .functor NOT 1, L_000001fb067f4270, C4<0>, C4<0>, C4<0>;
L_000001fb063e8a40 .functor AND 1, L_000001fb06799980, L_000001fb067f3550, C4<1>, C4<1>;
L_000001fb063e8b20 .functor BUFZ 5, v000001fb06795b40_0, C4<00000>, C4<00000>, C4<00000>;
L_000001fb063e9370 .functor BUFZ 5, L_000001fb067f4bd0, C4<00000>, C4<00000>, C4<00000>;
L_000001fb063e9450 .functor BUFZ 32, v000001fb06794030_0, C4<00000000000000000000000000000000>, C4<00000000000000000000000000000000>, C4<00000000000000000000000000000000>;
L_000001fb063e9290 .functor BUFZ 1, v000001fb06796e00_0, C4<0>, C4<0>, C4<0>;
L_000001fb063e9610 .functor BUFZ 5, v000001fb06796fe0_0, C4<00000>, C4<00000>, C4<00000>;
L_000001fb063e9680 .functor BUFZ 1, v000001fb067964a0_0, C4<0>, C4<0>, C4<0>;
L_000001fb063b32e0 .functor BUFZ 1, v000001fb067964a0_0, C4<0>, C4<0>, C4<0>;
L_000001fb063b33c0 .functor BUFZ 5, v000001fb06796fe0_0, C4<00000>, C4<00000>, C4<00000>;
L_000001fb0640d750 .functor BUFZ 32, L_000001fb067f4d10, C4<00000000000000000000000000000000>, C4<00000000000000000000000000000000>, C4<00000000000000000000000000000000>;
L_000001fb0679b170 .functor BUFT 1, C4<00>, C4<0>, C4<0>, C4<0>;
v000001fb06792c00_0 .net/2u *"_ivl_10", 1 0, L_000001fb0679b170;  1 drivers
v000001fb06791e40_0 .net *"_ivl_100", 0 0, L_000001fb067f44f0;  1 drivers
v000001fb06792e80_0 .net *"_ivl_102", 31 0, L_000001fb067f3730;  1 drivers
L_000001fb0679b5a8 .functor BUFT 1, C4<10>, C4<0>, C4<0>, C4<0>;
v000001fb06792340_0 .net/2u *"_ivl_106", 1 0, L_000001fb0679b5a8;  1 drivers
v000001fb06791260_0 .net *"_ivl_108", 0 0, L_000001fb067f3eb0;  1 drivers
L_000001fb0679b5f0 .functor BUFT 1, C4<01>, C4<0>, C4<0>, C4<0>;
v000001fb06792200_0 .net/2u *"_ivl_110", 1 0, L_000001fb0679b5f0;  1 drivers
v000001fb06791300_0 .net *"_ivl_112", 0 0, L_000001fb067f48b0;  1 drivers
v000001fb06791440_0 .net *"_ivl_114", 31 0, L_000001fb067f3230;  1 drivers
v000001fb06791ee0_0 .net *"_ivl_12", 31 0, L_000001fb0679a4c0;  1 drivers
v000001fb06791760_0 .net *"_ivl_14", 31 0, L_000001fb0679a880;  1 drivers
L_000001fb0679b128 .functor BUFT 1, C4<00000000000000000000000000000100>, C4<0>, C4<0>, C4<0>;
v000001fb067918a0_0 .net/2u *"_ivl_2", 31 0, L_000001fb0679b128;  1 drivers
v000001fb067914e0_0 .net *"_ivl_29", 0 0, L_000001fb067f4630;  1 drivers
v000001fb067922a0_0 .net *"_ivl_30", 15 0, L_000001fb067f3b90;  1 drivers
v000001fb06791800_0 .net *"_ivl_33", 15 0, L_000001fb067f4950;  1 drivers
L_000001fb0679b368 .functor BUFT 1, C4<10>, C4<0>, C4<0>, C4<0>;
v000001fb06791940_0 .net/2u *"_ivl_40", 1 0, L_000001fb0679b368;  1 drivers
v000001fb06791f80_0 .net *"_ivl_42", 0 0, L_000001fb067f4c70;  1 drivers
L_000001fb0679b3b0 .functor BUFT 1, C4<01>, C4<0>, C4<0>, C4<0>;
v000001fb06792020_0 .net/2u *"_ivl_44", 1 0, L_000001fb0679b3b0;  1 drivers
v000001fb067920c0_0 .net *"_ivl_46", 0 0, L_000001fb067f4450;  1 drivers
v000001fb067942b0_0 .net *"_ivl_48", 31 0, L_000001fb067f4f90;  1 drivers
L_000001fb0679b3f8 .functor BUFT 1, C4<10>, C4<0>, C4<0>, C4<0>;
v000001fb06794170_0 .net/2u *"_ivl_52", 1 0, L_000001fb0679b3f8;  1 drivers
v000001fb06794c10_0 .net *"_ivl_54", 0 0, L_000001fb067f3c30;  1 drivers
L_000001fb0679b440 .functor BUFT 1, C4<01>, C4<0>, C4<0>, C4<0>;
v000001fb067940d0_0 .net/2u *"_ivl_56", 1 0, L_000001fb0679b440;  1 drivers
v000001fb06793950_0 .net *"_ivl_58", 0 0, L_000001fb067f4db0;  1 drivers
v000001fb06794d50_0 .net *"_ivl_60", 31 0, L_000001fb067f3af0;  1 drivers
v000001fb06793f90_0 .net *"_ivl_64", 31 0, L_000001fb067f34b0;  1 drivers
v000001fb06794350_0 .net *"_ivl_66", 29 0, L_000001fb067f3870;  1 drivers
L_000001fb0679b488 .functor BUFT 1, C4<00>, C4<0>, C4<0>, C4<0>;
v000001fb06793810_0 .net *"_ivl_68", 1 0, L_000001fb0679b488;  1 drivers
v000001fb06793130_0 .net *"_ivl_7", 3 0, L_000001fb0679a7e0;  1 drivers
v000001fb06793d10_0 .net *"_ivl_75", 5 0, L_000001fb067f4810;  1 drivers
L_000001fb0679b4d0 .functor BUFT 1, C4<000101>, C4<0>, C4<0>, C4<0>;
v000001fb067939f0_0 .net/2u *"_ivl_76", 5 0, L_000001fb0679b4d0;  1 drivers
v000001fb06793a90_0 .net *"_ivl_80", 0 0, L_000001fb063e89d0;  1 drivers
v000001fb06794210_0 .net *"_ivl_82", 0 0, L_000001fb067f3550;  1 drivers
v000001fb06793630_0 .net *"_ivl_9", 25 0, L_000001fb0679a100;  1 drivers
L_000001fb0679b518 .functor BUFT 1, C4<10>, C4<0>, C4<0>, C4<0>;
v000001fb067933b0_0 .net/2u *"_ivl_94", 1 0, L_000001fb0679b518;  1 drivers
v000001fb06794710_0 .net *"_ivl_96", 0 0, L_000001fb067f3690;  1 drivers
L_000001fb0679b560 .functor BUFT 1, C4<01>, C4<0>, C4<0>, C4<0>;
v000001fb067936d0_0 .net/2u *"_ivl_98", 1 0, L_000001fb0679b560;  1 drivers
v000001fb06794f30_0 .net "alu_ctrl_D", 2 0, v000001fb063ed8f0_0;  alias, 1 drivers
v000001fb06794990_0 .var "alu_ctrl_E", 2 0;
v000001fb06794ad0_0 .net "alu_result_E", 31 0, v000001fb063ecd10_0;  1 drivers
v000001fb06794030_0 .var "alu_result_M_reg", 31 0;
v000001fb06793bd0_0 .net "alu_result_M_wire", 31 0, L_000001fb063e9450;  1 drivers
v000001fb067943f0_0 .var "alu_result_W", 31 0;
v000001fb06793770_0 .net "alu_result_out", 31 0, L_000001fb0640d750;  alias, 1 drivers
v000001fb06794490_0 .net "alu_src_D", 0 0, L_000001fb0679b000;  alias, 1 drivers
v000001fb06794fd0_0 .var "alu_src_E", 0 0;
v000001fb067931d0_0 .net "bne_D", 0 0, L_000001fb067f3410;  1 drivers
v000001fb06793450_0 .net "branch_D", 0 0, L_000001fb06799980;  alias, 1 drivers
v000001fb06794b70_0 .net "clk", 0 0, v000001fb067998e0_0;  alias, 1 drivers
v000001fb067934f0_0 .net "equal_D", 0 0, L_000001fb067f4270;  1 drivers
v000001fb06793e50_0 .net "flush_E", 0 0, L_000001fb063e90d0;  alias, 1 drivers
v000001fb067938b0_0 .net "forward_a_D", 1 0, v000001fb067976f0_0;  alias, 1 drivers
v000001fb06793590_0 .net "forward_a_E", 1 0, v000001fb06797510_0;  alias, 1 drivers
v000001fb06794530_0 .net "forward_b_D", 1 0, v000001fb067989b0_0;  alias, 1 drivers
v000001fb06794e90_0 .net "forward_b_E", 1 0, v000001fb06797830_0;  alias, 1 drivers
v000001fb06793b30_0 .net "instr_D", 31 0, v000001fb06793c70_0;  alias, 1 drivers
v000001fb06793c70_0 .var "instr_D_reg", 31 0;
v000001fb06794cb0_0 .net "instr_F", 31 0, L_000001fb063e9140;  1 drivers
v000001fb06794df0_0 .net "jump_D", 0 0, L_000001fb0679a6a0;  alias, 1 drivers
v000001fb06793270_0 .net "mem_to_reg_D", 0 0, L_000001fb06799a20;  alias, 1 drivers
v000001fb067948f0_0 .net "mem_to_reg_E", 0 0, v000001fb067945d0_0;  alias, 1 drivers
v000001fb067945d0_0 .var "mem_to_reg_E_reg", 0 0;
v000001fb06793310_0 .net "mem_to_reg_M", 0 0, v000001fb06793db0_0;  alias, 1 drivers
v000001fb06793db0_0 .var "mem_to_reg_M_reg", 0 0;
v000001fb06793ef0_0 .var "mem_to_reg_W", 0 0;
v000001fb06794670_0 .net "mem_write_D", 0 0, L_000001fb06799c00;  alias, 1 drivers
v000001fb067947b0_0 .var "mem_write_E", 0 0;
v000001fb06794850_0 .var "mem_write_M", 0 0;
v000001fb06794a30_0 .net "pc_F", 31 0, v000001fb06792f20_0;  1 drivers
v000001fb067960e0_0 .net "pc_branch_D", 31 0, L_000001fb067f37d0;  1 drivers
v000001fb06796f40_0 .net "pc_next_F", 31 0, L_000001fb0679a9c0;  1 drivers
v000001fb06795c80_0 .net "pc_out", 31 0, L_000001fb063e8ab0;  alias, 1 drivers
v000001fb067962c0_0 .var "pc_plus4_D", 31 0;
v000001fb06795a00_0 .net "pc_plus4_F", 31 0, L_000001fb0679a060;  1 drivers
v000001fb06796900_0 .net "pc_src_D", 0 0, L_000001fb063e8a40;  1 drivers
v000001fb06795780_0 .net "pwm_out", 0 0, v000001fb063ec950_0;  alias, 1 drivers
v000001fb06795fa0_0 .net "rd1_D", 31 0, L_000001fb067f39b0;  1 drivers
v000001fb06796180_0 .var "rd1_E", 31 0;
v000001fb06796d60_0 .net "rd2_D", 31 0, L_000001fb067f4090;  1 drivers
v000001fb06795d20_0 .var "rd2_E", 31 0;
v000001fb067953c0_0 .var "rd_E", 4 0;
v000001fb06795500_0 .net "read_data_M", 31 0, v000001fb063c6280_0;  1 drivers
v000001fb06796cc0_0 .var "read_data_W", 31 0;
v000001fb06795aa0_0 .net "reg_dst_D", 0 0, L_000001fb0679ae20;  alias, 1 drivers
v000001fb06796a40_0 .var "reg_dst_E", 0 0;
v000001fb06796360_0 .net "reg_write_D", 0 0, L_000001fb0679af60;  alias, 1 drivers
v000001fb06796220_0 .net "reg_write_E", 0 0, v000001fb06795be0_0;  alias, 1 drivers
v000001fb06795be0_0 .var "reg_write_E_reg", 0 0;
v000001fb06796400_0 .net "reg_write_M", 0 0, L_000001fb063e9290;  alias, 1 drivers
v000001fb06796e00_0 .var "reg_write_M_reg", 0 0;
v000001fb067965e0_0 .net "reg_write_W", 0 0, L_000001fb063e9680;  alias, 1 drivers
v000001fb067964a0_0 .var "reg_write_W_reg", 0 0;
v000001fb06796540_0 .net "reg_write_W_wire", 0 0, L_000001fb063b32e0;  1 drivers
v000001fb06795960_0 .net "result_W", 31 0, L_000001fb067f4d10;  1 drivers
v000001fb06795820_0 .net "rs_D", 4 0, L_000001fb067f4310;  alias, 1 drivers
v000001fb06796680_0 .net "rs_E", 4 0, L_000001fb063e8b20;  alias, 1 drivers
v000001fb06795b40_0 .var "rs_E_reg", 4 0;
v000001fb06796720_0 .net "rst_n", 0 0, v000001fb0679aa60_0;  alias, 1 drivers
v000001fb06795640_0 .net "rt_D", 4 0, L_000001fb067f4130;  alias, 1 drivers
v000001fb067958c0_0 .net "rt_E", 4 0, v000001fb06795dc0_0;  alias, 1 drivers
v000001fb06795dc0_0 .var "rt_E_reg", 4 0;
v000001fb067967c0_0 .net "sign_imm_D", 31 0, L_000001fb067f32d0;  1 drivers
v000001fb06795e60_0 .var "sign_imm_E", 31 0;
v000001fb067969a0_0 .net "src_a_D", 31 0, L_000001fb067f5030;  1 drivers
v000001fb06795f00_0 .net "src_a_E_final", 31 0, L_000001fb067f3910;  1 drivers
v000001fb06796040_0 .net "src_b_D", 31 0, L_000001fb067f35f0;  1 drivers
v000001fb06795460_0 .net "src_b_E_final", 31 0, L_000001fb067f4b30;  1 drivers
v000001fb067955a0_0 .net "src_b_E_temp", 31 0, L_000001fb067f49f0;  1 drivers
v000001fb06796c20_0 .net "stall_D", 0 0, L_000001fb063e8c70;  alias, 1 drivers
v000001fb06796ae0_0 .net "stall_F", 0 0, L_000001fb063e8ff0;  alias, 1 drivers
v000001fb06796860_0 .var "write_data_M", 31 0;
v000001fb067956e0_0 .net "write_reg_E", 4 0, L_000001fb063e9370;  alias, 1 drivers
v000001fb06796b80_0 .net "write_reg_E_wire", 4 0, L_000001fb067f4bd0;  1 drivers
v000001fb06796ea0_0 .net "write_reg_M", 4 0, v000001fb06795140_0;  alias, 1 drivers
v000001fb06795140_0 .var "write_reg_M_reg", 4 0;
v000001fb06795280_0 .net "write_reg_W", 4 0, L_000001fb063e9610;  alias, 1 drivers
v000001fb06796fe0_0 .var "write_reg_W_reg", 4 0;
v000001fb067951e0_0 .net "write_reg_W_wire", 4 0, L_000001fb063b33c0;  1 drivers
v000001fb06795320_0 .net "zero_E", 0 0, L_000001fb067f46d0;  1 drivers
L_000001fb0679a060 .arith/sum 32, v000001fb06792f20_0, L_000001fb0679b128;
L_000001fb0679a7e0 .part v000001fb067962c0_0, 28, 4;
L_000001fb0679a100 .part v000001fb06793c70_0, 0, 26;
L_000001fb0679a4c0 .concat [ 2 26 4 0], L_000001fb0679b170, L_000001fb0679a100, L_000001fb0679a7e0;
L_000001fb0679a880 .functor MUXZ 32, L_000001fb0679a060, L_000001fb0679a4c0, L_000001fb0679a6a0, C4<>;
L_000001fb0679a9c0 .functor MUXZ 32, L_000001fb0679a880, L_000001fb067f37d0, L_000001fb063e8a40, C4<>;
L_000001fb067f3370 .part v000001fb06793c70_0, 21, 5;
L_000001fb067f4a90 .part v000001fb06793c70_0, 16, 5;
L_000001fb067f4630 .part v000001fb06793c70_0, 15, 1;
LS_000001fb067f3b90_0_0 .concat [ 1 1 1 1], L_000001fb067f4630, L_000001fb067f4630, L_000001fb067f4630, L_000001fb067f4630;
LS_000001fb067f3b90_0_4 .concat [ 1 1 1 1], L_000001fb067f4630, L_000001fb067f4630, L_000001fb067f4630, L_000001fb067f4630;
LS_000001fb067f3b90_0_8 .concat [ 1 1 1 1], L_000001fb067f4630, L_000001fb067f4630, L_000001fb067f4630, L_000001fb067f4630;
LS_000001fb067f3b90_0_12 .concat [ 1 1 1 1], L_000001fb067f4630, L_000001fb067f4630, L_000001fb067f4630, L_000001fb067f4630;
L_000001fb067f3b90 .concat [ 4 4 4 4], LS_000001fb067f3b90_0_0, LS_000001fb067f3b90_0_4, LS_000001fb067f3b90_0_8, LS_000001fb067f3b90_0_12;
L_000001fb067f4950 .part v000001fb06793c70_0, 0, 16;
L_000001fb067f32d0 .concat [ 16 16 0 0], L_000001fb067f4950, L_000001fb067f3b90;
L_000001fb067f4310 .part v000001fb06793c70_0, 21, 5;
L_000001fb067f4130 .part v000001fb06793c70_0, 16, 5;
L_000001fb067f4c70 .cmp/eq 2, v000001fb067976f0_0, L_000001fb0679b368;
L_000001fb067f4450 .cmp/eq 2, v000001fb067976f0_0, L_000001fb0679b3b0;
L_000001fb067f4f90 .functor MUXZ 32, L_000001fb067f39b0, L_000001fb067f4d10, L_000001fb067f4450, C4<>;
L_000001fb067f5030 .functor MUXZ 32, L_000001fb067f4f90, L_000001fb063e9450, L_000001fb067f4c70, C4<>;
L_000001fb067f3c30 .cmp/eq 2, v000001fb067989b0_0, L_000001fb0679b3f8;
L_000001fb067f4db0 .cmp/eq 2, v000001fb067989b0_0, L_000001fb0679b440;
L_000001fb067f3af0 .functor MUXZ 32, L_000001fb067f4090, L_000001fb067f4d10, L_000001fb067f4db0, C4<>;
L_000001fb067f35f0 .functor MUXZ 32, L_000001fb067f3af0, L_000001fb063e9450, L_000001fb067f3c30, C4<>;
L_000001fb067f3870 .part L_000001fb067f32d0, 0, 30;
L_000001fb067f34b0 .concat [ 2 30 0 0], L_000001fb0679b488, L_000001fb067f3870;
L_000001fb067f37d0 .arith/sum 32, v000001fb067962c0_0, L_000001fb067f34b0;
L_000001fb067f4270 .cmp/eq 32, L_000001fb067f5030, L_000001fb067f35f0;
L_000001fb067f4810 .part v000001fb06793c70_0, 26, 6;
L_000001fb067f3410 .cmp/eq 6, L_000001fb067f4810, L_000001fb0679b4d0;
L_000001fb067f3550 .functor MUXZ 1, L_000001fb067f4270, L_000001fb063e89d0, L_000001fb067f3410, C4<>;
L_000001fb067f3690 .cmp/eq 2, v000001fb06797510_0, L_000001fb0679b518;
L_000001fb067f44f0 .cmp/eq 2, v000001fb06797510_0, L_000001fb0679b560;
L_000001fb067f3730 .functor MUXZ 32, v000001fb06796180_0, L_000001fb067f4d10, L_000001fb067f44f0, C4<>;
L_000001fb067f3910 .functor MUXZ 32, L_000001fb067f3730, L_000001fb063e9450, L_000001fb067f3690, C4<>;
L_000001fb067f3eb0 .cmp/eq 2, v000001fb06797830_0, L_000001fb0679b5a8;
L_000001fb067f48b0 .cmp/eq 2, v000001fb06797830_0, L_000001fb0679b5f0;
L_000001fb067f3230 .functor MUXZ 32, v000001fb06795d20_0, L_000001fb067f4d10, L_000001fb067f48b0, C4<>;
L_000001fb067f49f0 .functor MUXZ 32, L_000001fb067f3230, L_000001fb063e9450, L_000001fb067f3eb0, C4<>;
L_000001fb067f4b30 .functor MUXZ 32, L_000001fb067f49f0, v000001fb06795e60_0, v000001fb06794fd0_0, C4<>;
L_000001fb067f4bd0 .functor MUXZ 5, v000001fb06795dc0_0, v000001fb067953c0_0, v000001fb06796a40_0, C4<>;
L_000001fb067f4d10 .functor MUXZ 32, v000001fb067943f0_0, v000001fb06796cc0_0, v000001fb06793ef0_0, C4<>;
S_000001fb06370ae0 .scope module, "u_alu" "alu" 7 130, 8 2 0, S_000001fb0630d800;
 .timescale -9 -12;
    .port_info 0 /INPUT 32 "src_a";
    .port_info 1 /INPUT 32 "src_b";
    .port_info 2 /INPUT 3 "alu_ctrl";
    .port_info 3 /OUTPUT 32 "result";
    .port_info 4 /OUTPUT 1 "zero";
L_000001fb0679b638 .functor BUFT 1, C4<00000000000000000000000000000000>, C4<0>, C4<0>, C4<0>;
v000001fb063ece50_0 .net/2u *"_ivl_0", 31 0, L_000001fb0679b638;  1 drivers
v000001fb063ed350_0 .net "alu_ctrl", 2 0, v000001fb06794990_0;  1 drivers
v000001fb063ecd10_0 .var "result", 31 0;
v000001fb063ed3f0_0 .net "src_a", 31 0, L_000001fb067f3910;  alias, 1 drivers
v000001fb063ed490_0 .net "src_b", 31 0, L_000001fb067f4b30;  alias, 1 drivers
v000001fb063ed530_0 .net "zero", 0 0, L_000001fb067f46d0;  alias, 1 drivers
E_000001fb063cbc90 .event anyedge, v000001fb063ed350_0, v000001fb063ed3f0_0, v000001fb063ed490_0;
L_000001fb067f46d0 .cmp/eq 32, v000001fb063ecd10_0, L_000001fb0679b638;
S_000001fb06370c70 .scope module, "u_data_mem" "data_memory" 7 155, 9 14 0, S_000001fb0630d800;
 .timescale -9 -12;
    .port_info 0 /INPUT 1 "clk";
    .port_info 1 /INPUT 1 "rst_n";
    .port_info 2 /INPUT 1 "mem_write_en";
    .port_info 3 /INPUT 32 "addr";
    .port_info 4 /INPUT 32 "write_data";
    .port_info 5 /OUTPUT 1 "pwm_out";
    .port_info 6 /OUTPUT 32 "read_data";
L_000001fb063e95a0 .functor BUFZ 32, L_000001fb067f4590, C4<00000000000000000000000000000000>, C4<00000000000000000000000000000000>, C4<00000000000000000000000000000000>;
v000001fb063ed710_0 .net *"_ivl_0", 31 0, L_000001fb067f4590;  1 drivers
v000001fb063eddf0_0 .net *"_ivl_3", 5 0, L_000001fb067f3a50;  1 drivers
v000001fb063edf30_0 .net *"_ivl_4", 7 0, L_000001fb067f4e50;  1 drivers
L_000001fb0679b680 .functor BUFT 1, C4<00>, C4<0>, C4<0>, C4<0>;
v000001fb063ec9f0_0 .net *"_ivl_7", 1 0, L_000001fb0679b680;  1 drivers
v000001fb063ee110_0 .net "addr", 31 0, v000001fb06794030_0;  1 drivers
v000001fb063ee1b0_0 .net "clk", 0 0, v000001fb067998e0_0;  alias, 1 drivers
v000001fb063ee430_0 .net "mem_write_en", 0 0, v000001fb06794850_0;  1 drivers
v000001fb063ee250_0 .var "pwm_duty", 7 0;
v000001fb063eca90_0 .var "pwm_en", 0 0;
v000001fb063ecc70_0 .net "pwm_out", 0 0, v000001fb063ec950_0;  alias, 1 drivers
v000001fb063d4150 .array "ram", 63 0, 31 0;
v000001fb063d4510_0 .net "ram_out", 31 0, L_000001fb063e95a0;  1 drivers
v000001fb063c6280_0 .var "read_data", 31 0;
v000001fb063c6960_0 .net "rst_n", 0 0, v000001fb0679aa60_0;  alias, 1 drivers
v000001fb067913a0_0 .net "write_data", 31 0, v000001fb06796860_0;  1 drivers
E_000001fb063cbe50 .event anyedge, v000001fb063ee110_0, v000001fb063edad0_0, v000001fb063ecf90_0, v000001fb063d4510_0;
E_000001fb063cbf90 .event posedge, v000001fb063ed670_0;
L_000001fb067f4590 .array/port v000001fb063d4150, L_000001fb067f4e50;
L_000001fb067f3a50 .part v000001fb06794030_0, 2, 6;
L_000001fb067f4e50 .concat [ 6 2 0 0], L_000001fb067f3a50, L_000001fb0679b680;
S_000001fb0639d870 .scope module, "u_pwm" "pwm_controller" 9 36, 10 2 0, S_000001fb06370c70;
 .timescale -9 -12;
    .port_info 0 /INPUT 1 "clk";
    .port_info 1 /INPUT 1 "rst_n";
    .port_info 2 /INPUT 1 "enable";
    .port_info 3 /INPUT 8 "duty_cycle";
    .port_info 4 /OUTPUT 1 "pwm_out";
v000001fb063ed670_0 .net "clk", 0 0, v000001fb067998e0_0;  alias, 1 drivers
v000001fb063ecef0_0 .var "counter", 7 0;
v000001fb063edad0_0 .net "duty_cycle", 7 0, v000001fb063ee250_0;  1 drivers
v000001fb063ecf90_0 .net "enable", 0 0, v000001fb063eca90_0;  1 drivers
v000001fb063ec950_0 .var "pwm_out", 0 0;
v000001fb063ed5d0_0 .net "rst_n", 0 0, v000001fb0679aa60_0;  alias, 1 drivers
E_000001fb063cbcd0/0 .event negedge, v000001fb063ed5d0_0;
E_000001fb063cbcd0/1 .event posedge, v000001fb063ed670_0;
E_000001fb063cbcd0 .event/or E_000001fb063cbcd0/0, E_000001fb063cbcd0/1;
S_000001fb0639da00 .scope module, "u_imem" "instruction_memory" 7 48, 11 2 0, S_000001fb0630d800;
 .timescale -9 -12;
    .port_info 0 /INPUT 32 "addr";
    .port_info 1 /OUTPUT 32 "rd";
P_000001fb06308de0 .param/l "DEPTH" 0 11 4, +C4<00000000000000000000000100000000>;
P_000001fb06308e18 .param/l "WIDTH" 0 11 3, +C4<00000000000000000000000000100000>;
L_000001fb063e9140 .functor BUFZ 32, L_000001fb06799fc0, C4<00000000000000000000000000000000>, C4<00000000000000000000000000000000>, C4<00000000000000000000000000000000>;
v000001fb06791c60_0 .net *"_ivl_0", 31 0, L_000001fb06799fc0;  1 drivers
v000001fb06792ac0_0 .net *"_ivl_3", 29 0, L_000001fb0679a920;  1 drivers
v000001fb06791b20_0 .net "addr", 31 0, v000001fb06792f20_0;  alias, 1 drivers
v000001fb067925c0 .array "ram", 255 0, 31 0;
v000001fb06792660_0 .net "rd", 31 0, L_000001fb063e9140;  alias, 1 drivers
L_000001fb06799fc0 .array/port v000001fb067925c0, L_000001fb0679a920;
L_000001fb0679a920 .part v000001fb06792f20_0, 2, 30;
S_000001fb06362830 .scope module, "u_pc" "pc" 7 47, 12 2 0, S_000001fb0630d800;
 .timescale -9 -12;
    .port_info 0 /INPUT 1 "clk";
    .port_info 1 /INPUT 1 "rst_n";
    .port_info 2 /INPUT 1 "en";
    .port_info 3 /INPUT 32 "pc_next";
    .port_info 4 /OUTPUT 32 "pc";
v000001fb067923e0_0 .net "clk", 0 0, v000001fb067998e0_0;  alias, 1 drivers
v000001fb06791da0_0 .net "en", 0 0, L_000001fb063e8960;  1 drivers
v000001fb06792f20_0 .var "pc", 31 0;
v000001fb067927a0_0 .net "pc_next", 31 0, L_000001fb0679a9c0;  alias, 1 drivers
v000001fb06792840_0 .net "rst_n", 0 0, v000001fb0679aa60_0;  alias, 1 drivers
S_000001fb063629c0 .scope module, "u_reg_file" "reg_file" 7 73, 13 2 0, S_000001fb0630d800;
 .timescale -9 -12;
    .port_info 0 /INPUT 1 "clk";
    .port_info 1 /INPUT 1 "we3";
    .port_info 2 /INPUT 5 "wa3";
    .port_info 3 /INPUT 32 "wd3";
    .port_info 4 /INPUT 5 "ra1";
    .port_info 5 /INPUT 5 "ra2";
    .port_info 6 /OUTPUT 32 "rd1";
    .port_info 7 /OUTPUT 32 "rd2";
L_000001fb0679b1b8 .functor BUFT 1, C4<00000>, C4<0>, C4<0>, C4<0>;
v000001fb06791d00_0 .net/2u *"_ivl_0", 4 0, L_000001fb0679b1b8;  1 drivers
L_000001fb0679b248 .functor BUFT 1, C4<00>, C4<0>, C4<0>, C4<0>;
v000001fb06791bc0_0 .net *"_ivl_11", 1 0, L_000001fb0679b248;  1 drivers
L_000001fb0679b290 .functor BUFT 1, C4<00000>, C4<0>, C4<0>, C4<0>;
v000001fb06791580_0 .net/2u *"_ivl_14", 4 0, L_000001fb0679b290;  1 drivers
v000001fb06791120_0 .net *"_ivl_16", 0 0, L_000001fb067f4770;  1 drivers
L_000001fb0679b2d8 .functor BUFT 1, C4<00000000000000000000000000000000>, C4<0>, C4<0>, C4<0>;
v000001fb067911c0_0 .net/2u *"_ivl_18", 31 0, L_000001fb0679b2d8;  1 drivers
v000001fb06792b60_0 .net *"_ivl_2", 0 0, L_000001fb0679ac40;  1 drivers
v000001fb06792160_0 .net *"_ivl_20", 31 0, L_000001fb067f3190;  1 drivers
v000001fb06792700_0 .net *"_ivl_22", 6 0, L_000001fb067f3e10;  1 drivers
L_000001fb0679b320 .functor BUFT 1, C4<00>, C4<0>, C4<0>, C4<0>;
v000001fb06791620_0 .net *"_ivl_25", 1 0, L_000001fb0679b320;  1 drivers
L_000001fb0679b200 .functor BUFT 1, C4<00000000000000000000000000000000>, C4<0>, C4<0>, C4<0>;
v000001fb067928e0_0 .net/2u *"_ivl_4", 31 0, L_000001fb0679b200;  1 drivers
v000001fb06792980_0 .net *"_ivl_6", 31 0, L_000001fb0679ab00;  1 drivers
v000001fb067916c0_0 .net *"_ivl_8", 6 0, L_000001fb0679aba0;  1 drivers
v000001fb06791a80_0 .net "clk", 0 0, L_000001fb063e8dc0;  1 drivers
v000001fb067919e0_0 .net "ra1", 4 0, L_000001fb067f3370;  1 drivers
v000001fb06792ca0_0 .net "ra2", 4 0, L_000001fb067f4a90;  1 drivers
v000001fb06792d40_0 .net "rd1", 31 0, L_000001fb067f39b0;  alias, 1 drivers
v000001fb06792a20_0 .net "rd2", 31 0, L_000001fb067f4090;  alias, 1 drivers
v000001fb06792480 .array "rf", 0 31, 31 0;
v000001fb06792de0_0 .net "wa3", 4 0, L_000001fb063b33c0;  alias, 1 drivers
v000001fb06792fc0_0 .net "wd3", 31 0, L_000001fb067f4d10;  alias, 1 drivers
v000001fb06792520_0 .net "we3", 0 0, L_000001fb063b32e0;  alias, 1 drivers
E_000001fb063cbdd0 .event posedge, v000001fb06791a80_0;
L_000001fb0679ac40 .cmp/eq 5, L_000001fb067f3370, L_000001fb0679b1b8;
L_000001fb0679ab00 .array/port v000001fb06792480, L_000001fb0679aba0;
L_000001fb0679aba0 .concat [ 5 2 0 0], L_000001fb067f3370, L_000001fb0679b248;
L_000001fb067f39b0 .functor MUXZ 32, L_000001fb0679ab00, L_000001fb0679b200, L_000001fb0679ac40, C4<>;
L_000001fb067f4770 .cmp/eq 5, L_000001fb067f4a90, L_000001fb0679b290;
L_000001fb067f3190 .array/port v000001fb06792480, L_000001fb067f3e10;
L_000001fb067f3e10 .concat [ 5 2 0 0], L_000001fb067f4a90, L_000001fb0679b320;
L_000001fb067f4090 .functor MUXZ 32, L_000001fb067f3190, L_000001fb0679b2d8, L_000001fb067f4770, C4<>;
S_000001fb06377660 .scope module, "u_hazard" "hazard_unit" 3 55, 14 15 0, S_000001fb0639ed00;
 .timescale -9 -12;
    .port_info 0 /INPUT 5 "rs_E";
    .port_info 1 /INPUT 5 "rt_E";
    .port_info 2 /INPUT 5 "write_reg_E";
    .port_info 3 /INPUT 1 "reg_write_E";
    .port_info 4 /INPUT 1 "mem_to_reg_E";
    .port_info 5 /INPUT 5 "write_reg_M";
    .port_info 6 /INPUT 1 "reg_write_M";
    .port_info 7 /INPUT 1 "mem_to_reg_M";
    .port_info 8 /INPUT 5 "write_reg_W";
    .port_info 9 /INPUT 1 "reg_write_W";
    .port_info 10 /INPUT 5 "rs_D";
    .port_info 11 /INPUT 5 "rt_D";
    .port_info 12 /INPUT 1 "branch_D";
    .port_info 13 /OUTPUT 2 "forward_a_E";
    .port_info 14 /OUTPUT 2 "forward_b_E";
    .port_info 15 /OUTPUT 2 "forward_a_D";
    .port_info 16 /OUTPUT 2 "forward_b_D";
    .port_info 17 /OUTPUT 1 "stall_F";
    .port_info 18 /OUTPUT 1 "stall_D";
    .port_info 19 /OUTPUT 1 "flush_E";
L_000001fb063e93e0 .functor OR 1, L_000001fb06799200, L_000001fb06799340, C4<0>, C4<0>;
L_000001fb063e8b90 .functor AND 1, v000001fb067945d0_0, L_000001fb063e93e0, C4<1>, C4<1>;
L_000001fb063e8c00 .functor OR 1, L_000001fb06799ca0, L_000001fb0679a240, C4<0>, C4<0>;
L_000001fb063e8880 .functor AND 1, v000001fb06795be0_0, L_000001fb063e8c00, C4<1>, C4<1>;
L_000001fb063e8e30 .functor OR 1, L_000001fb0679a740, L_000001fb06799d40, C4<0>, C4<0>;
L_000001fb063e9300 .functor AND 1, v000001fb06793db0_0, L_000001fb063e8e30, C4<1>, C4<1>;
L_000001fb063e88f0 .functor OR 1, L_000001fb063e8880, L_000001fb063e9300, C4<0>, C4<0>;
L_000001fb063e8ce0 .functor AND 1, L_000001fb06799980, L_000001fb063e88f0, C4<1>, C4<1>;
L_000001fb063e8ff0 .functor OR 1, L_000001fb063e8b90, L_000001fb063e8ce0, C4<0>, C4<0>;
L_000001fb063e8c70 .functor OR 1, L_000001fb063e8b90, L_000001fb063e8ce0, C4<0>, C4<0>;
L_000001fb063e90d0 .functor OR 1, L_000001fb063e8b90, L_000001fb063e8ce0, C4<0>, C4<0>;
v000001fb06798730_0 .net *"_ivl_0", 0 0, L_000001fb06799200;  1 drivers
v000001fb06798910_0 .net *"_ivl_10", 0 0, L_000001fb0679a240;  1 drivers
v000001fb06798a50_0 .net *"_ivl_13", 0 0, L_000001fb063e8c00;  1 drivers
v000001fb06797fb0_0 .net *"_ivl_15", 0 0, L_000001fb063e8880;  1 drivers
v000001fb06797970_0 .net *"_ivl_16", 0 0, L_000001fb0679a740;  1 drivers
v000001fb06797790_0 .net *"_ivl_18", 0 0, L_000001fb06799d40;  1 drivers
v000001fb067975b0_0 .net *"_ivl_2", 0 0, L_000001fb06799340;  1 drivers
v000001fb06797650_0 .net *"_ivl_21", 0 0, L_000001fb063e8e30;  1 drivers
v000001fb06797150_0 .net *"_ivl_23", 0 0, L_000001fb063e9300;  1 drivers
v000001fb06798f50_0 .net *"_ivl_25", 0 0, L_000001fb063e88f0;  1 drivers
v000001fb067971f0_0 .net *"_ivl_5", 0 0, L_000001fb063e93e0;  1 drivers
v000001fb067973d0_0 .net *"_ivl_8", 0 0, L_000001fb06799ca0;  1 drivers
v000001fb06798af0_0 .net "branch_D", 0 0, L_000001fb06799980;  alias, 1 drivers
v000001fb06797470_0 .net "branchstall", 0 0, L_000001fb063e8ce0;  1 drivers
v000001fb06797e70_0 .net "flush_E", 0 0, L_000001fb063e90d0;  alias, 1 drivers
v000001fb067976f0_0 .var "forward_a_D", 1 0;
v000001fb06797510_0 .var "forward_a_E", 1 0;
v000001fb067989b0_0 .var "forward_b_D", 1 0;
v000001fb06797830_0 .var "forward_b_E", 1 0;
v000001fb06797ab0_0 .net "lwstall", 0 0, L_000001fb063e8b90;  1 drivers
v000001fb06797a10_0 .net "mem_to_reg_E", 0 0, v000001fb067945d0_0;  alias, 1 drivers
v000001fb06798370_0 .net "mem_to_reg_M", 0 0, v000001fb06793db0_0;  alias, 1 drivers
v000001fb06798190_0 .net "reg_write_E", 0 0, v000001fb06795be0_0;  alias, 1 drivers
v000001fb06798cd0_0 .net "reg_write_M", 0 0, L_000001fb063e9290;  alias, 1 drivers
v000001fb06798d70_0 .net "reg_write_W", 0 0, L_000001fb063e9680;  alias, 1 drivers
v000001fb06798870_0 .net "rs_D", 4 0, L_000001fb067f4310;  alias, 1 drivers
v000001fb067984b0_0 .net "rs_E", 4 0, L_000001fb063e8b20;  alias, 1 drivers
v000001fb06798410_0 .net "rt_D", 4 0, L_000001fb067f4130;  alias, 1 drivers
v000001fb06797290_0 .net "rt_E", 4 0, v000001fb06795dc0_0;  alias, 1 drivers
v000001fb06798e10_0 .net "stall_D", 0 0, L_000001fb063e8c70;  alias, 1 drivers
v000001fb06797330_0 .net "stall_F", 0 0, L_000001fb063e8ff0;  alias, 1 drivers
v000001fb06798550_0 .net "write_reg_E", 4 0, L_000001fb063e9370;  alias, 1 drivers
v000001fb06797d30_0 .net "write_reg_M", 4 0, v000001fb06795140_0;  alias, 1 drivers
v000001fb06798230_0 .net "write_reg_W", 4 0, L_000001fb063e9610;  alias, 1 drivers
E_000001fb063cc4d0/0 .event anyedge, v000001fb06796400_0, v000001fb06796ea0_0, v000001fb06795820_0, v000001fb067965e0_0;
E_000001fb063cc4d0/1 .event anyedge, v000001fb06795280_0, v000001fb06795640_0;
E_000001fb063cc4d0 .event/or E_000001fb063cc4d0/0, E_000001fb063cc4d0/1;
E_000001fb063cc3d0/0 .event anyedge, v000001fb06796400_0, v000001fb06796ea0_0, v000001fb06796680_0, v000001fb067965e0_0;
E_000001fb063cc3d0/1 .event anyedge, v000001fb06795280_0, v000001fb067958c0_0;
E_000001fb063cc3d0 .event/or E_000001fb063cc3d0/0, E_000001fb063cc3d0/1;
L_000001fb06799200 .cmp/eq 5, L_000001fb063e9370, L_000001fb067f4310;
L_000001fb06799340 .cmp/eq 5, L_000001fb063e9370, L_000001fb067f4130;
L_000001fb06799ca0 .cmp/eq 5, L_000001fb063e9370, L_000001fb067f4310;
L_000001fb0679a240 .cmp/eq 5, L_000001fb063e9370, L_000001fb067f4130;
L_000001fb0679a740 .cmp/eq 5, v000001fb06795140_0, L_000001fb067f4310;
L_000001fb06799d40 .cmp/eq 5, v000001fb06795140_0, L_000001fb067f4130;
    .scope S_000001fb063b17b0;
T_0 ;
    %wait E_000001fb063cc290;
    %load/vec4 v000001fb063ed210_0;
    %dup/vec4;
    %pushi/vec4 0, 0, 6;
    %cmp/u;
    %jmp/1 T_0.0, 6;
    %dup/vec4;
    %pushi/vec4 35, 0, 6;
    %cmp/u;
    %jmp/1 T_0.1, 6;
    %dup/vec4;
    %pushi/vec4 43, 0, 6;
    %cmp/u;
    %jmp/1 T_0.2, 6;
    %dup/vec4;
    %pushi/vec4 4, 0, 6;
    %cmp/u;
    %jmp/1 T_0.3, 6;
    %dup/vec4;
    %pushi/vec4 5, 0, 6;
    %cmp/u;
    %jmp/1 T_0.4, 6;
    %dup/vec4;
    %pushi/vec4 8, 0, 6;
    %cmp/u;
    %jmp/1 T_0.5, 6;
    %dup/vec4;
    %pushi/vec4 2, 0, 6;
    %cmp/u;
    %jmp/1 T_0.6, 6;
    %pushi/vec4 0, 0, 10;
    %store/vec4 v000001fb063ec770_0, 0, 10;
    %jmp T_0.8;
T_0.0 ;
    %pushi/vec4 386, 0, 10;
    %store/vec4 v000001fb063ec770_0, 0, 10;
    %jmp T_0.8;
T_0.1 ;
    %pushi/vec4 328, 0, 10;
    %store/vec4 v000001fb063ec770_0, 0, 10;
    %jmp T_0.8;
T_0.2 ;
    %pushi/vec4 80, 0, 10;
    %store/vec4 v000001fb063ec770_0, 0, 10;
    %jmp T_0.8;
T_0.3 ;
    %pushi/vec4 33, 0, 10;
    %store/vec4 v000001fb063ec770_0, 0, 10;
    %jmp T_0.8;
T_0.4 ;
    %pushi/vec4 33, 0, 10;
    %store/vec4 v000001fb063ec770_0, 0, 10;
    %jmp T_0.8;
T_0.5 ;
    %pushi/vec4 320, 0, 10;
    %store/vec4 v000001fb063ec770_0, 0, 10;
    %jmp T_0.8;
T_0.6 ;
    %pushi/vec4 4, 0, 10;
    %store/vec4 v000001fb063ec770_0, 0, 10;
    %jmp T_0.8;
T_0.8 ;
    %pop/vec4 1;
    %jmp T_0;
    .thread T_0, $push;
    .scope S_000001fb063b1620;
T_1 ;
    %wait E_000001fb063cbc50;
    %load/vec4 v000001fb063edc10_0;
    %dup/vec4;
    %pushi/vec4 0, 0, 2;
    %cmp/u;
    %jmp/1 T_1.0, 6;
    %dup/vec4;
    %pushi/vec4 1, 0, 2;
    %cmp/u;
    %jmp/1 T_1.1, 6;
    %dup/vec4;
    %pushi/vec4 2, 0, 2;
    %cmp/u;
    %jmp/1 T_1.2, 6;
    %pushi/vec4 0, 0, 3;
    %store/vec4 v000001fb063ed8f0_0, 0, 3;
    %jmp T_1.4;
T_1.0 ;
    %pushi/vec4 2, 0, 3;
    %store/vec4 v000001fb063ed8f0_0, 0, 3;
    %jmp T_1.4;
T_1.1 ;
    %pushi/vec4 6, 0, 3;
    %store/vec4 v000001fb063ed8f0_0, 0, 3;
    %jmp T_1.4;
T_1.2 ;
    %load/vec4 v000001fb063ecbd0_0;
    %dup/vec4;
    %pushi/vec4 32, 0, 6;
    %cmp/u;
    %jmp/1 T_1.5, 6;
    %dup/vec4;
    %pushi/vec4 34, 0, 6;
    %cmp/u;
    %jmp/1 T_1.6, 6;
    %dup/vec4;
    %pushi/vec4 36, 0, 6;
    %cmp/u;
    %jmp/1 T_1.7, 6;
    %dup/vec4;
    %pushi/vec4 37, 0, 6;
    %cmp/u;
    %jmp/1 T_1.8, 6;
    %dup/vec4;
    %pushi/vec4 42, 0, 6;
    %cmp/u;
    %jmp/1 T_1.9, 6;
    %pushi/vec4 2, 0, 3;
    %store/vec4 v000001fb063ed8f0_0, 0, 3;
    %jmp T_1.11;
T_1.5 ;
    %pushi/vec4 2, 0, 3;
    %store/vec4 v000001fb063ed8f0_0, 0, 3;
    %jmp T_1.11;
T_1.6 ;
    %pushi/vec4 6, 0, 3;
    %store/vec4 v000001fb063ed8f0_0, 0, 3;
    %jmp T_1.11;
T_1.7 ;
    %pushi/vec4 0, 0, 3;
    %store/vec4 v000001fb063ed8f0_0, 0, 3;
    %jmp T_1.11;
T_1.8 ;
    %pushi/vec4 1, 0, 3;
    %store/vec4 v000001fb063ed8f0_0, 0, 3;
    %jmp T_1.11;
T_1.9 ;
    %pushi/vec4 7, 0, 3;
    %store/vec4 v000001fb063ed8f0_0, 0, 3;
    %jmp T_1.11;
T_1.11 ;
    %pop/vec4 1;
    %jmp T_1.4;
T_1.4 ;
    %pop/vec4 1;
    %jmp T_1;
    .thread T_1, $push;
    .scope S_000001fb06377660;
T_2 ;
    %wait E_000001fb063cc3d0;
    %load/vec4 v000001fb06798cd0_0;
    %flag_set/vec4 10;
    %flag_get/vec4 10;
    %jmp/0 T_2.3, 10;
    %load/vec4 v000001fb06797d30_0;
    %pad/u 32;
    %pushi/vec4 0, 0, 32;
    %cmp/ne;
    %flag_get/vec4 4;
    %and;
T_2.3;
    %flag_set/vec4 9;
    %flag_get/vec4 9;
    %jmp/0 T_2.2, 9;
    %load/vec4 v000001fb06797d30_0;
    %load/vec4 v000001fb067984b0_0;
    %cmp/e;
    %flag_get/vec4 4;
    %and;
T_2.2;
    %flag_set/vec4 8;
    %jmp/0xz  T_2.0, 8;
    %pushi/vec4 2, 0, 2;
    %store/vec4 v000001fb06797510_0, 0, 2;
    %jmp T_2.1;
T_2.0 ;
    %load/vec4 v000001fb06798d70_0;
    %flag_set/vec4 10;
    %flag_get/vec4 10;
    %jmp/0 T_2.7, 10;
    %load/vec4 v000001fb06798230_0;
    %pad/u 32;
    %pushi/vec4 0, 0, 32;
    %cmp/ne;
    %flag_get/vec4 4;
    %and;
T_2.7;
    %flag_set/vec4 9;
    %flag_get/vec4 9;
    %jmp/0 T_2.6, 9;
    %load/vec4 v000001fb06798230_0;
    %load/vec4 v000001fb067984b0_0;
    %cmp/e;
    %flag_get/vec4 4;
    %and;
T_2.6;
    %flag_set/vec4 8;
    %jmp/0xz  T_2.4, 8;
    %pushi/vec4 1, 0, 2;
    %store/vec4 v000001fb06797510_0, 0, 2;
    %jmp T_2.5;
T_2.4 ;
    %pushi/vec4 0, 0, 2;
    %store/vec4 v000001fb06797510_0, 0, 2;
T_2.5 ;
T_2.1 ;
    %load/vec4 v000001fb06798cd0_0;
    %flag_set/vec4 10;
    %flag_get/vec4 10;
    %jmp/0 T_2.11, 10;
    %load/vec4 v000001fb06797d30_0;
    %pad/u 32;
    %pushi/vec4 0, 0, 32;
    %cmp/ne;
    %flag_get/vec4 4;
    %and;
T_2.11;
    %flag_set/vec4 9;
    %flag_get/vec4 9;
    %jmp/0 T_2.10, 9;
    %load/vec4 v000001fb06797d30_0;
    %load/vec4 v000001fb06797290_0;
    %cmp/e;
    %flag_get/vec4 4;
    %and;
T_2.10;
    %flag_set/vec4 8;
    %jmp/0xz  T_2.8, 8;
    %pushi/vec4 2, 0, 2;
    %store/vec4 v000001fb06797830_0, 0, 2;
    %jmp T_2.9;
T_2.8 ;
    %load/vec4 v000001fb06798d70_0;
    %flag_set/vec4 10;
    %flag_get/vec4 10;
    %jmp/0 T_2.15, 10;
    %load/vec4 v000001fb06798230_0;
    %pad/u 32;
    %pushi/vec4 0, 0, 32;
    %cmp/ne;
    %flag_get/vec4 4;
    %and;
T_2.15;
    %flag_set/vec4 9;
    %flag_get/vec4 9;
    %jmp/0 T_2.14, 9;
    %load/vec4 v000001fb06798230_0;
    %load/vec4 v000001fb06797290_0;
    %cmp/e;
    %flag_get/vec4 4;
    %and;
T_2.14;
    %flag_set/vec4 8;
    %jmp/0xz  T_2.12, 8;
    %pushi/vec4 1, 0, 2;
    %store/vec4 v000001fb06797830_0, 0, 2;
    %jmp T_2.13;
T_2.12 ;
    %pushi/vec4 0, 0, 2;
    %store/vec4 v000001fb06797830_0, 0, 2;
T_2.13 ;
T_2.9 ;
    %jmp T_2;
    .thread T_2, $push;
    .scope S_000001fb06377660;
T_3 ;
    %wait E_000001fb063cc4d0;
    %load/vec4 v000001fb06798cd0_0;
    %flag_set/vec4 10;
    %flag_get/vec4 10;
    %jmp/0 T_3.3, 10;
    %load/vec4 v000001fb06797d30_0;
    %pad/u 32;
    %pushi/vec4 0, 0, 32;
    %cmp/ne;
    %flag_get/vec4 4;
    %and;
T_3.3;
    %flag_set/vec4 9;
    %flag_get/vec4 9;
    %jmp/0 T_3.2, 9;
    %load/vec4 v000001fb06797d30_0;
    %load/vec4 v000001fb06798870_0;
    %cmp/e;
    %flag_get/vec4 4;
    %and;
T_3.2;
    %flag_set/vec4 8;
    %jmp/0xz  T_3.0, 8;
    %pushi/vec4 2, 0, 2;
    %store/vec4 v000001fb067976f0_0, 0, 2;
    %jmp T_3.1;
T_3.0 ;
    %load/vec4 v000001fb06798d70_0;
    %flag_set/vec4 10;
    %flag_get/vec4 10;
    %jmp/0 T_3.7, 10;
    %load/vec4 v000001fb06798230_0;
    %pad/u 32;
    %pushi/vec4 0, 0, 32;
    %cmp/ne;
    %flag_get/vec4 4;
    %and;
T_3.7;
    %flag_set/vec4 9;
    %flag_get/vec4 9;
    %jmp/0 T_3.6, 9;
    %load/vec4 v000001fb06798230_0;
    %load/vec4 v000001fb06798870_0;
    %cmp/e;
    %flag_get/vec4 4;
    %and;
T_3.6;
    %flag_set/vec4 8;
    %jmp/0xz  T_3.4, 8;
    %pushi/vec4 1, 0, 2;
    %store/vec4 v000001fb067976f0_0, 0, 2;
    %jmp T_3.5;
T_3.4 ;
    %pushi/vec4 0, 0, 2;
    %store/vec4 v000001fb067976f0_0, 0, 2;
T_3.5 ;
T_3.1 ;
    %load/vec4 v000001fb06798cd0_0;
    %flag_set/vec4 10;
    %flag_get/vec4 10;
    %jmp/0 T_3.11, 10;
    %load/vec4 v000001fb06797d30_0;
    %pad/u 32;
    %pushi/vec4 0, 0, 32;
    %cmp/ne;
    %flag_get/vec4 4;
    %and;
T_3.11;
    %flag_set/vec4 9;
    %flag_get/vec4 9;
    %jmp/0 T_3.10, 9;
    %load/vec4 v000001fb06797d30_0;
    %load/vec4 v000001fb06798410_0;
    %cmp/e;
    %flag_get/vec4 4;
    %and;
T_3.10;
    %flag_set/vec4 8;
    %jmp/0xz  T_3.8, 8;
    %pushi/vec4 2, 0, 2;
    %store/vec4 v000001fb067989b0_0, 0, 2;
    %jmp T_3.9;
T_3.8 ;
    %load/vec4 v000001fb06798d70_0;
    %flag_set/vec4 10;
    %flag_get/vec4 10;
    %jmp/0 T_3.15, 10;
    %load/vec4 v000001fb06798230_0;
    %pad/u 32;
    %pushi/vec4 0, 0, 32;
    %cmp/ne;
    %flag_get/vec4 4;
    %and;
T_3.15;
    %flag_set/vec4 9;
    %flag_get/vec4 9;
    %jmp/0 T_3.14, 9;
    %load/vec4 v000001fb06798230_0;
    %load/vec4 v000001fb06798410_0;
    %cmp/e;
    %flag_get/vec4 4;
    %and;
T_3.14;
    %flag_set/vec4 8;
    %jmp/0xz  T_3.12, 8;
    %pushi/vec4 1, 0, 2;
    %store/vec4 v000001fb067989b0_0, 0, 2;
    %jmp T_3.13;
T_3.12 ;
    %pushi/vec4 0, 0, 2;
    %store/vec4 v000001fb067989b0_0, 0, 2;
T_3.13 ;
T_3.9 ;
    %jmp T_3;
    .thread T_3, $push;
    .scope S_000001fb06362830;
T_4 ;
    %wait E_000001fb063cbcd0;
    %load/vec4 v000001fb06792840_0;
    %nor/r;
    %flag_set/vec4 8;
    %jmp/0xz  T_4.0, 8;
    %pushi/vec4 0, 0, 32;
    %assign/vec4 v000001fb06792f20_0, 0;
    %jmp T_4.1;
T_4.0 ;
    %load/vec4 v000001fb06791da0_0;
    %flag_set/vec4 8;
    %jmp/0xz  T_4.2, 8;
    %load/vec4 v000001fb067927a0_0;
    %assign/vec4 v000001fb06792f20_0, 0;
T_4.2 ;
T_4.1 ;
    %jmp T_4;
    .thread T_4;
    .scope S_000001fb0639da00;
T_5 ;
    %vpi_call 11 12 "$readmemh", "memfile.dat", v000001fb067925c0 {0 0 0};
    %end;
    .thread T_5;
    .scope S_000001fb063629c0;
T_6 ;
    %wait E_000001fb063cbdd0;
    %load/vec4 v000001fb06792520_0;
    %flag_set/vec4 9;
    %flag_get/vec4 9;
    %jmp/0 T_6.2, 9;
    %load/vec4 v000001fb06792de0_0;
    %pushi/vec4 0, 0, 5;
    %cmp/ne;
    %flag_get/vec4 4;
    %and;
T_6.2;
    %flag_set/vec4 8;
    %jmp/0xz  T_6.0, 8;
    %load/vec4 v000001fb06792fc0_0;
    %load/vec4 v000001fb06792de0_0;
    %pad/u 7;
    %ix/vec4 3;
    %ix/load 4, 0, 0; Constant delay
    %assign/vec4/a/d v000001fb06792480, 0, 4;
T_6.0 ;
    %jmp T_6;
    .thread T_6;
    .scope S_000001fb06370ae0;
T_7 ;
    %wait E_000001fb063cbc90;
    %load/vec4 v000001fb063ed350_0;
    %dup/vec4;
    %pushi/vec4 0, 0, 3;
    %cmp/u;
    %jmp/1 T_7.0, 6;
    %dup/vec4;
    %pushi/vec4 1, 0, 3;
    %cmp/u;
    %jmp/1 T_7.1, 6;
    %dup/vec4;
    %pushi/vec4 2, 0, 3;
    %cmp/u;
    %jmp/1 T_7.2, 6;
    %dup/vec4;
    %pushi/vec4 6, 0, 3;
    %cmp/u;
    %jmp/1 T_7.3, 6;
    %dup/vec4;
    %pushi/vec4 7, 0, 3;
    %cmp/u;
    %jmp/1 T_7.4, 6;
    %pushi/vec4 0, 0, 32;
    %store/vec4 v000001fb063ecd10_0, 0, 32;
    %jmp T_7.6;
T_7.0 ;
    %load/vec4 v000001fb063ed3f0_0;
    %load/vec4 v000001fb063ed490_0;
    %and;
    %store/vec4 v000001fb063ecd10_0, 0, 32;
    %jmp T_7.6;
T_7.1 ;
    %load/vec4 v000001fb063ed3f0_0;
    %load/vec4 v000001fb063ed490_0;
    %or;
    %store/vec4 v000001fb063ecd10_0, 0, 32;
    %jmp T_7.6;
T_7.2 ;
    %load/vec4 v000001fb063ed3f0_0;
    %load/vec4 v000001fb063ed490_0;
    %add;
    %store/vec4 v000001fb063ecd10_0, 0, 32;
    %jmp T_7.6;
T_7.3 ;
    %load/vec4 v000001fb063ed3f0_0;
    %load/vec4 v000001fb063ed490_0;
    %sub;
    %store/vec4 v000001fb063ecd10_0, 0, 32;
    %jmp T_7.6;
T_7.4 ;
    %load/vec4 v000001fb063ed3f0_0;
    %load/vec4 v000001fb063ed490_0;
    %cmp/s;
    %flag_mov 8, 5;
    %jmp/0 T_7.7, 8;
    %pushi/vec4 1, 0, 32;
    %jmp/1 T_7.8, 8;
T_7.7 ; End of true expr.
    %pushi/vec4 0, 0, 32;
    %jmp/0 T_7.8, 8;
 ; End of false expr.
    %blend;
T_7.8;
    %store/vec4 v000001fb063ecd10_0, 0, 32;
    %jmp T_7.6;
T_7.6 ;
    %pop/vec4 1;
    %jmp T_7;
    .thread T_7, $push;
    .scope S_000001fb0639d870;
T_8 ;
    %wait E_000001fb063cbcd0;
    %load/vec4 v000001fb063ed5d0_0;
    %nor/r;
    %flag_set/vec4 8;
    %jmp/0xz  T_8.0, 8;
    %pushi/vec4 0, 0, 8;
    %assign/vec4 v000001fb063ecef0_0, 0;
    %jmp T_8.1;
T_8.0 ;
    %load/vec4 v000001fb063ecf90_0;
    %flag_set/vec4 8;
    %jmp/0xz  T_8.2, 8;
    %load/vec4 v000001fb063ecef0_0;
    %addi 1, 0, 8;
    %assign/vec4 v000001fb063ecef0_0, 0;
    %jmp T_8.3;
T_8.2 ;
    %pushi/vec4 0, 0, 8;
    %assign/vec4 v000001fb063ecef0_0, 0;
T_8.3 ;
T_8.1 ;
    %jmp T_8;
    .thread T_8;
    .scope S_000001fb0639d870;
T_9 ;
    %wait E_000001fb063cbcd0;
    %load/vec4 v000001fb063ed5d0_0;
    %nor/r;
    %flag_set/vec4 8;
    %jmp/0xz  T_9.0, 8;
    %pushi/vec4 0, 0, 1;
    %assign/vec4 v000001fb063ec950_0, 0;
    %jmp T_9.1;
T_9.0 ;
    %load/vec4 v000001fb063ecf90_0;
    %flag_set/vec4 8;
    %jmp/0xz  T_9.2, 8;
    %load/vec4 v000001fb063ecef0_0;
    %load/vec4 v000001fb063edad0_0;
    %cmp/u;
    %flag_get/vec4 5;
    %assign/vec4 v000001fb063ec950_0, 0;
    %jmp T_9.3;
T_9.2 ;
    %pushi/vec4 0, 0, 1;
    %assign/vec4 v000001fb063ec950_0, 0;
T_9.3 ;
T_9.1 ;
    %jmp T_9;
    .thread T_9;
    .scope S_000001fb06370c70;
T_10 ;
    %wait E_000001fb063cbf90;
    %load/vec4 v000001fb063ee430_0;
    %flag_set/vec4 8;
    %jmp/0xz  T_10.0, 8;
    %load/vec4 v000001fb063ee110_0;
    %dup/vec4;
    %pushi/vec4 152, 0, 32;
    %cmp/u;
    %jmp/1 T_10.2, 6;
    %dup/vec4;
    %pushi/vec4 156, 0, 32;
    %cmp/u;
    %jmp/1 T_10.3, 6;
    %load/vec4 v000001fb067913a0_0;
    %load/vec4 v000001fb063ee110_0;
    %parti/s 6, 2, 3;
    %pad/u 8;
    %ix/vec4 3;
    %ix/load 4, 0, 0; Constant delay
    %assign/vec4/a/d v000001fb063d4150, 0, 4;
    %jmp T_10.5;
T_10.2 ;
    %load/vec4 v000001fb067913a0_0;
    %parti/s 8, 0, 2;
    %assign/vec4 v000001fb063ee250_0, 0;
    %jmp T_10.5;
T_10.3 ;
    %load/vec4 v000001fb067913a0_0;
    %parti/s 1, 0, 2;
    %assign/vec4 v000001fb063eca90_0, 0;
    %jmp T_10.5;
T_10.5 ;
    %pop/vec4 1;
    %load/vec4 v000001fb063ee110_0;
    %cmpi/e 152, 0, 32;
    %jmp/0xz  T_10.6, 4;
    %vpi_call 9 55 "$display", "MMIO WRITE: PWM Duty Updated to %d / 255", &PV<v000001fb067913a0_0, 0, 8> {0 0 0};
T_10.6 ;
    %load/vec4 v000001fb063ee110_0;
    %cmpi/e 156, 0, 32;
    %jmp/0xz  T_10.8, 4;
    %vpi_call 9 57 "$display", "MMIO WRITE: PWM Enable set to %b", &PV<v000001fb067913a0_0, 0, 1> {0 0 0};
T_10.8 ;
T_10.0 ;
    %jmp T_10;
    .thread T_10;
    .scope S_000001fb06370c70;
T_11 ;
    %wait E_000001fb063cbe50;
    %load/vec4 v000001fb063ee110_0;
    %dup/vec4;
    %pushi/vec4 152, 0, 32;
    %cmp/u;
    %jmp/1 T_11.0, 6;
    %dup/vec4;
    %pushi/vec4 156, 0, 32;
    %cmp/u;
    %jmp/1 T_11.1, 6;
    %load/vec4 v000001fb063d4510_0;
    %store/vec4 v000001fb063c6280_0, 0, 32;
    %jmp T_11.3;
T_11.0 ;
    %pushi/vec4 0, 0, 24;
    %load/vec4 v000001fb063ee250_0;
    %concat/vec4; draw_concat_vec4
    %store/vec4 v000001fb063c6280_0, 0, 32;
    %jmp T_11.3;
T_11.1 ;
    %pushi/vec4 0, 0, 31;
    %load/vec4 v000001fb063eca90_0;
    %concat/vec4; draw_concat_vec4
    %store/vec4 v000001fb063c6280_0, 0, 32;
    %jmp T_11.3;
T_11.3 ;
    %pop/vec4 1;
    %jmp T_11;
    .thread T_11, $push;
    .scope S_000001fb06370c70;
T_12 ;
    %pushi/vec4 0, 0, 8;
    %store/vec4 v000001fb063ee250_0, 0, 8;
    %pushi/vec4 0, 0, 1;
    %store/vec4 v000001fb063eca90_0, 0, 1;
    %vpi_call 9 76 "$monitor", "DEBUG: Time=%0t pwm_duty=%d pwm_en=%b", $time, v000001fb063ee250_0, v000001fb063eca90_0 {0 0 0};
    %end;
    .thread T_12;
    .scope S_000001fb0630d800;
T_13 ;
    %wait E_000001fb063cbcd0;
    %load/vec4 v000001fb06796720_0;
    %nor/r;
    %flag_set/vec4 8;
    %jmp/0xz  T_13.0, 8;
    %pushi/vec4 0, 0, 32;
    %assign/vec4 v000001fb06793c70_0, 0;
    %pushi/vec4 0, 0, 32;
    %assign/vec4 v000001fb067962c0_0, 0;
    %jmp T_13.1;
T_13.0 ;
    %load/vec4 v000001fb06796c20_0;
    %nor/r;
    %flag_set/vec4 8;
    %jmp/0xz  T_13.2, 8;
    %load/vec4 v000001fb06794cb0_0;
    %assign/vec4 v000001fb06793c70_0, 0;
    %load/vec4 v000001fb06795a00_0;
    %assign/vec4 v000001fb067962c0_0, 0;
T_13.2 ;
T_13.1 ;
    %jmp T_13;
    .thread T_13;
    .scope S_000001fb0630d800;
T_14 ;
    %wait E_000001fb063cbcd0;
    %load/vec4 v000001fb06796720_0;
    %nor/r;
    %flag_set/vec4 8;
    %jmp/1 T_14.2, 8;
    %load/vec4 v000001fb06793e50_0;
    %flag_set/vec4 9;
    %flag_or 8, 9;
T_14.2;
    %jmp/0xz  T_14.0, 8;
    %pushi/vec4 0, 0, 5;
    %split/vec4 1;
    %assign/vec4 v000001fb06796a40_0, 0;
    %split/vec4 1;
    %assign/vec4 v000001fb06794fd0_0, 0;
    %split/vec4 1;
    %assign/vec4 v000001fb067947b0_0, 0;
    %split/vec4 1;
    %assign/vec4 v000001fb067945d0_0, 0;
    %assign/vec4 v000001fb06795be0_0, 0;
    %pushi/vec4 0, 0, 3;
    %assign/vec4 v000001fb06794990_0, 0;
    %pushi/vec4 0, 0, 96;
    %split/vec4 32;
    %assign/vec4 v000001fb06795e60_0, 0;
    %split/vec4 32;
    %assign/vec4 v000001fb06795d20_0, 0;
    %assign/vec4 v000001fb06796180_0, 0;
    %pushi/vec4 0, 0, 15;
    %split/vec4 5;
    %assign/vec4 v000001fb067953c0_0, 0;
    %split/vec4 5;
    %assign/vec4 v000001fb06795dc0_0, 0;
    %assign/vec4 v000001fb06795b40_0, 0;
    %jmp T_14.1;
T_14.0 ;
    %load/vec4 v000001fb06796360_0;
    %assign/vec4 v000001fb06795be0_0, 0;
    %load/vec4 v000001fb06793270_0;
    %assign/vec4 v000001fb067945d0_0, 0;
    %load/vec4 v000001fb06794670_0;
    %assign/vec4 v000001fb067947b0_0, 0;
    %load/vec4 v000001fb06794f30_0;
    %assign/vec4 v000001fb06794990_0, 0;
    %load/vec4 v000001fb06794490_0;
    %assign/vec4 v000001fb06794fd0_0, 0;
    %load/vec4 v000001fb06795aa0_0;
    %assign/vec4 v000001fb06796a40_0, 0;
    %load/vec4 v000001fb06795fa0_0;
    %assign/vec4 v000001fb06796180_0, 0;
    %load/vec4 v000001fb06796d60_0;
    %assign/vec4 v000001fb06795d20_0, 0;
    %load/vec4 v000001fb067967c0_0;
    %assign/vec4 v000001fb06795e60_0, 0;
    %load/vec4 v000001fb06795820_0;
    %assign/vec4 v000001fb06795b40_0, 0;
    %load/vec4 v000001fb06795640_0;
    %assign/vec4 v000001fb06795dc0_0, 0;
    %load/vec4 v000001fb06793b30_0;
    %parti/s 5, 11, 5;
    %assign/vec4 v000001fb067953c0_0, 0;
T_14.1 ;
    %jmp T_14;
    .thread T_14;
    .scope S_000001fb0630d800;
T_15 ;
    %wait E_000001fb063cbcd0;
    %load/vec4 v000001fb06796720_0;
    %nor/r;
    %flag_set/vec4 8;
    %jmp/0xz  T_15.0, 8;
    %pushi/vec4 0, 0, 3;
    %split/vec4 1;
    %assign/vec4 v000001fb06794850_0, 0;
    %split/vec4 1;
    %assign/vec4 v000001fb06793db0_0, 0;
    %assign/vec4 v000001fb06796e00_0, 0;
    %pushi/vec4 0, 0, 64;
    %split/vec4 32;
    %assign/vec4 v000001fb06796860_0, 0;
    %assign/vec4 v000001fb06794030_0, 0;
    %pushi/vec4 0, 0, 5;
    %assign/vec4 v000001fb06795140_0, 0;
    %jmp T_15.1;
T_15.0 ;
    %load/vec4 v000001fb06795be0_0;
    %assign/vec4 v000001fb06796e00_0, 0;
    %load/vec4 v000001fb067945d0_0;
    %assign/vec4 v000001fb06793db0_0, 0;
    %load/vec4 v000001fb067947b0_0;
    %assign/vec4 v000001fb06794850_0, 0;
    %load/vec4 v000001fb06794ad0_0;
    %assign/vec4 v000001fb06794030_0, 0;
    %load/vec4 v000001fb067955a0_0;
    %assign/vec4 v000001fb06796860_0, 0;
    %load/vec4 v000001fb06796b80_0;
    %assign/vec4 v000001fb06795140_0, 0;
T_15.1 ;
    %jmp T_15;
    .thread T_15;
    .scope S_000001fb0630d800;
T_16 ;
    %wait E_000001fb063cbcd0;
    %load/vec4 v000001fb06796720_0;
    %nor/r;
    %flag_set/vec4 8;
    %jmp/0xz  T_16.0, 8;
    %pushi/vec4 0, 0, 2;
    %split/vec4 1;
    %assign/vec4 v000001fb06793ef0_0, 0;
    %assign/vec4 v000001fb067964a0_0, 0;
    %pushi/vec4 0, 0, 64;
    %split/vec4 32;
    %assign/vec4 v000001fb067943f0_0, 0;
    %assign/vec4 v000001fb06796cc0_0, 0;
    %pushi/vec4 0, 0, 5;
    %assign/vec4 v000001fb06796fe0_0, 0;
    %jmp T_16.1;
T_16.0 ;
    %load/vec4 v000001fb06796e00_0;
    %assign/vec4 v000001fb067964a0_0, 0;
    %load/vec4 v000001fb06793db0_0;
    %assign/vec4 v000001fb06793ef0_0, 0;
    %load/vec4 v000001fb06795500_0;
    %assign/vec4 v000001fb06796cc0_0, 0;
    %load/vec4 v000001fb06794030_0;
    %assign/vec4 v000001fb067943f0_0, 0;
    %load/vec4 v000001fb06795140_0;
    %assign/vec4 v000001fb06796fe0_0, 0;
T_16.1 ;
    %jmp T_16;
    .thread T_16;
    .scope S_000001fb063f0b50;
T_17 ;
    %pushi/vec4 0, 0, 1;
    %store/vec4 v000001fb067998e0_0, 0, 1;
T_17.0 ;
    %delay 5000, 0;
    %load/vec4 v000001fb067998e0_0;
    %inv;
    %store/vec4 v000001fb067998e0_0, 0, 1;
    %jmp T_17.0;
    %end;
    .thread T_17;
    .scope S_000001fb063f0b50;
T_18 ;
    %vpi_call 2 43 "$dumpfile", "mips.vcd" {0 0 0};
    %vpi_call 2 44 "$dumpvars", 32'sb00000000000000000000000000000000, S_000001fb063f0b50 {0 0 0};
    %end;
    .thread T_18;
    .scope S_000001fb063f0b50;
T_19 ;
    %pushi/vec4 0, 0, 1;
    %store/vec4 v000001fb0679aa60_0, 0, 1;
    %delay 15000, 0;
    %pushi/vec4 1, 0, 1;
    %store/vec4 v000001fb0679aa60_0, 0, 1;
    %vpi_call 2 55 "$display", "===========================================" {0 0 0};
    %vpi_call 2 56 "$display", "   MIPS Class 12: Synced Simulation        " {0 0 0};
    %vpi_call 2 57 "$display", "===========================================" {0 0 0};
    %delay 300000000, 0;
    %vpi_call 2 67 "$display", "===========================================" {0 0 0};
    %vpi_call 2 68 "$display", "   Simulation Complete                   " {0 0 0};
    %vpi_call 2 69 "$display", "===========================================" {0 0 0};
    %vpi_call 2 70 "$finish" {0 0 0};
    %end;
    .thread T_19;
# The file index is used to find the file name in the following table.
:file_names 15;
    "N/A";
    "<interactive>";
    "mips_tb.v";
    "mips.v";
    "control_unit.v";
    "alu_decoder.v";
    "main_decoder.v";
    "datapath.v";
    "alu.v";
    "data_memory.v";
    "pwm_controller.v";
    "instruction_memory.v";
    "pc.v";
    "reg_file.v";
    "hazard_unit.v";
