#! /c/Source/iverilog-install/bin/vvp
:ivl_version "12.0 (devel)" "(s20150603-1539-g2693dd32b)";
:ivl_delay_selection "TYPICAL";
:vpi_time_precision - 12;
:vpi_module "C:\iverilog\lib\ivl\system.vpi";
:vpi_module "C:\iverilog\lib\ivl\vhdl_sys.vpi";
:vpi_module "C:\iverilog\lib\ivl\vhdl_textio.vpi";
:vpi_module "C:\iverilog\lib\ivl\v2005_math.vpi";
:vpi_module "C:\iverilog\lib\ivl\va_math.vpi";
S_000002305c950b50 .scope module, "mips_tb" "mips_tb" 2 13;
 .timescale -9 -12;
v000002305cd69ca0_0 .net "alu_result", 31 0, L_000002305c96db40;  1 drivers
v000002305cd6a4c0_0 .var "clk", 0 0;
v000002305cd6aa60_0 .net "pc_out", 31 0, L_000002305c948ea0;  1 drivers
v000002305cd6a560_0 .net "pwm_out", 0 0, v000002305c94d210_0;  1 drivers
v000002305cd69700_0 .var "rst_n", 0 0;
S_000002305c8fed00 .scope module, "uut" "mips" 2 26, 3 15 0, S_000002305c950b50;
 .timescale -9 -12;
    .port_info 0 /INPUT 1 "clk";
    .port_info 1 /INPUT 1 "rst_n";
    .port_info 2 /OUTPUT 1 "pwm_out";
    .port_info 3 /OUTPUT 32 "pc_out";
    .port_info 4 /OUTPUT 32 "alu_result";
v000002305cd67d30_0 .net "alu_ctrl_D", 2 0, v000002305c94c810_0;  1 drivers
v000002305cd67330_0 .net "alu_result", 31 0, L_000002305c96db40;  alias, 1 drivers
v000002305cd67a10_0 .net "alu_src_D", 0 0, L_000002305cd692a0;  1 drivers
v000002305cd68050_0 .net "branch_D", 0 0, L_000002305cd69200;  1 drivers
v000002305cd67fb0_0 .net "clk", 0 0, v000002305cd6a4c0_0;  1 drivers
v000002305cd67830_0 .net "flush_E", 0 0, L_000002305c948e30;  1 drivers
v000002305cd67bf0_0 .net "forward_a_D", 1 0, v000002305cd682d0_0;  1 drivers
v000002305cd685f0_0 .net "forward_a_E", 1 0, v000002305cd67150_0;  1 drivers
v000002305cd67c90_0 .net "forward_b_D", 1 0, v000002305cd684b0_0;  1 drivers
v000002305cd67470_0 .net "forward_b_E", 1 0, v000002305cd671f0_0;  1 drivers
v000002305cd67e70_0 .net "instr_D", 31 0, v000002305cd63f90_0;  1 drivers
v000002305cd67f10_0 .net "jump_D", 0 0, L_000002305cd69de0;  1 drivers
v000002305cd680f0_0 .net "mem_to_reg_D", 0 0, L_000002305cd6a600;  1 drivers
v000002305cd68370_0 .net "mem_to_reg_E", 0 0, v000002305cd64fd0_0;  1 drivers
v000002305cd68690_0 .net "mem_to_reg_M", 0 0, v000002305cd642b0_0;  1 drivers
v000002305cd68730_0 .net "mem_write_D", 0 0, L_000002305cd6a420;  1 drivers
v000002305cd69660_0 .net "pc_out", 31 0, L_000002305c948ea0;  alias, 1 drivers
v000002305cd6ac40_0 .net "pwm_out", 0 0, v000002305c94d210_0;  alias, 1 drivers
v000002305cd69d40_0 .net "reg_dst_D", 0 0, L_000002305cd69a20;  1 drivers
v000002305cd69840_0 .net "reg_write_D", 0 0, L_000002305cd697a0;  1 drivers
v000002305cd6a7e0_0 .net "reg_write_E", 0 0, v000002305cd66180_0;  1 drivers
v000002305cd69480_0 .net "reg_write_M", 0 0, L_000002305c9490d0;  1 drivers
v000002305cd69ac0_0 .net "reg_write_W", 0 0, L_000002305c949300;  1 drivers
v000002305cd6a9c0_0 .net "rs_D", 4 0, L_000002305cdc4810;  1 drivers
v000002305cd695c0_0 .net "rs_E", 4 0, L_000002305c948ff0;  1 drivers
v000002305cd698e0_0 .net "rst_n", 0 0, v000002305cd69700_0;  1 drivers
v000002305cd6a880_0 .net "rt_D", 4 0, L_000002305cdc3b90;  1 drivers
v000002305cd69b60_0 .net "rt_E", 4 0, v000002305cd66d60_0;  1 drivers
v000002305cd6ace0_0 .net "stall_D", 0 0, L_000002305c948dc0;  1 drivers
v000002305cd69520_0 .net "stall_F", 0 0, L_000002305c948c00;  1 drivers
v000002305cd69c00_0 .net "write_reg_E", 4 0, L_000002305c9494c0;  1 drivers
v000002305cd69980_0 .net "write_reg_M", 4 0, v000002305cd66900_0;  1 drivers
v000002305cd6ab00_0 .net "write_reg_W", 4 0, L_000002305c949530;  1 drivers
L_000002305cd6a6a0 .part v000002305cd63f90_0, 26, 6;
L_000002305cd69f20 .part v000002305cd63f90_0, 0, 6;
S_000002305c8fee90 .scope module, "u_control" "control_unit" 3 41, 4 10 0, S_000002305c8fed00;
 .timescale -9 -12;
    .port_info 0 /INPUT 6 "opcode";
    .port_info 1 /INPUT 6 "funct";
    .port_info 2 /OUTPUT 1 "mem_to_reg";
    .port_info 3 /OUTPUT 1 "mem_write";
    .port_info 4 /OUTPUT 1 "branch";
    .port_info 5 /OUTPUT 1 "alu_src";
    .port_info 6 /OUTPUT 1 "reg_dst";
    .port_info 7 /OUTPUT 1 "reg_write";
    .port_info 8 /OUTPUT 1 "jump";
    .port_info 9 /OUTPUT 3 "alu_ctrl";
v000002305c94e110_0 .net "alu_ctrl", 2 0, v000002305c94c810_0;  alias, 1 drivers
v000002305c94d990_0 .net "alu_op", 1 0, L_000002305cd6a100;  1 drivers
v000002305c94e070_0 .net "alu_src", 0 0, L_000002305cd692a0;  alias, 1 drivers
v000002305c94e250_0 .net "branch", 0 0, L_000002305cd69200;  alias, 1 drivers
v000002305c94dad0_0 .net "funct", 5 0, L_000002305cd69f20;  1 drivers
v000002305c94dc10_0 .net "jump", 0 0, L_000002305cd69de0;  alias, 1 drivers
v000002305c94dcb0_0 .net "mem_to_reg", 0 0, L_000002305cd6a600;  alias, 1 drivers
v000002305c94cdb0_0 .net "mem_write", 0 0, L_000002305cd6a420;  alias, 1 drivers
v000002305c94ca90_0 .net "opcode", 5 0, L_000002305cd6a6a0;  1 drivers
v000002305c94d030_0 .net "reg_dst", 0 0, L_000002305cd69a20;  alias, 1 drivers
v000002305c94e2f0_0 .net "reg_write", 0 0, L_000002305cd697a0;  alias, 1 drivers
S_000002305c911620 .scope module, "u_alu_dec" "alu_decoder" 4 36, 5 10 0, S_000002305c8fee90;
 .timescale -9 -12;
    .port_info 0 /INPUT 2 "alu_op";
    .port_info 1 /INPUT 6 "funct";
    .port_info 2 /OUTPUT 3 "alu_ctrl";
v000002305c94c810_0 .var "alu_ctrl", 2 0;
v000002305c94d3f0_0 .net "alu_op", 1 0, L_000002305cd6a100;  alias, 1 drivers
v000002305c94dd50_0 .net "funct", 5 0, L_000002305cd69f20;  alias, 1 drivers
E_000002305c92f8d0 .event anyedge, v000002305c94d3f0_0, v000002305c94dd50_0;
S_000002305c9117b0 .scope module, "u_main_dec" "main_decoder" 4 24, 6 17 0, S_000002305c8fee90;
 .timescale -9 -12;
    .port_info 0 /INPUT 6 "opcode";
    .port_info 1 /OUTPUT 1 "mem_to_reg";
    .port_info 2 /OUTPUT 1 "mem_write";
    .port_info 3 /OUTPUT 1 "branch";
    .port_info 4 /OUTPUT 1 "alu_src";
    .port_info 5 /OUTPUT 1 "reg_dst";
    .port_info 6 /OUTPUT 1 "reg_write";
    .port_info 7 /OUTPUT 1 "jump";
    .port_info 8 /OUTPUT 2 "alu_op";
v000002305c94e430_0 .net *"_ivl_10", 8 0, L_000002305cd69e80;  1 drivers
v000002305c94df30_0 .net "alu_op", 1 0, L_000002305cd6a100;  alias, 1 drivers
v000002305c94d350_0 .net "alu_src", 0 0, L_000002305cd692a0;  alias, 1 drivers
v000002305c94ddf0_0 .net "branch", 0 0, L_000002305cd69200;  alias, 1 drivers
v000002305c94c9f0_0 .var "controls", 9 0;
v000002305c94dfd0_0 .net "jump", 0 0, L_000002305cd69de0;  alias, 1 drivers
v000002305c94db70_0 .net "mem_to_reg", 0 0, L_000002305cd6a600;  alias, 1 drivers
v000002305c94cd10_0 .net "mem_write", 0 0, L_000002305cd6a420;  alias, 1 drivers
v000002305c94ce50_0 .net "opcode", 5 0, L_000002305cd6a6a0;  alias, 1 drivers
v000002305c94de90_0 .net "reg_dst", 0 0, L_000002305cd69a20;  alias, 1 drivers
v000002305c94c6d0_0 .net "reg_write", 0 0, L_000002305cd697a0;  alias, 1 drivers
E_000002305c92f010 .event anyedge, v000002305c94ce50_0;
L_000002305cd697a0 .part L_000002305cd69e80, 8, 1;
L_000002305cd69a20 .part L_000002305cd69e80, 7, 1;
L_000002305cd692a0 .part L_000002305cd69e80, 6, 1;
L_000002305cd69200 .part L_000002305cd69e80, 5, 1;
L_000002305cd6a420 .part L_000002305cd69e80, 4, 1;
L_000002305cd6a600 .part L_000002305cd69e80, 3, 1;
L_000002305cd69de0 .part L_000002305cd69e80, 2, 1;
L_000002305cd6a100 .part L_000002305cd69e80, 0, 2;
L_000002305cd69e80 .part v000002305c94c9f0_0, 0, 9;
S_000002305c9dd800 .scope module, "u_datapath" "datapath" 3 68, 7 10 0, S_000002305c8fed00;
 .timescale -9 -12;
    .port_info 0 /INPUT 1 "clk";
    .port_info 1 /INPUT 1 "rst_n";
    .port_info 2 /INPUT 1 "reg_write_D";
    .port_info 3 /INPUT 1 "mem_to_reg_D";
    .port_info 4 /INPUT 1 "mem_write_D";
    .port_info 5 /INPUT 3 "alu_ctrl_D";
    .port_info 6 /INPUT 1 "alu_src_D";
    .port_info 7 /INPUT 1 "reg_dst_D";
    .port_info 8 /INPUT 1 "branch_D";
    .port_info 9 /INPUT 1 "jump_D";
    .port_info 10 /INPUT 1 "stall_F";
    .port_info 11 /INPUT 1 "stall_D";
    .port_info 12 /INPUT 1 "flush_E";
    .port_info 13 /INPUT 2 "forward_a_E";
    .port_info 14 /INPUT 2 "forward_b_E";
    .port_info 15 /INPUT 2 "forward_a_D";
    .port_info 16 /INPUT 2 "forward_b_D";
    .port_info 17 /OUTPUT 5 "rs_D";
    .port_info 18 /OUTPUT 5 "rt_D";
    .port_info 19 /OUTPUT 5 "rs_E";
    .port_info 20 /OUTPUT 5 "rt_E";
    .port_info 21 /OUTPUT 5 "write_reg_E";
    .port_info 22 /OUTPUT 1 "reg_write_E";
    .port_info 23 /OUTPUT 5 "write_reg_M";
    .port_info 24 /OUTPUT 5 "write_reg_W";
    .port_info 25 /OUTPUT 1 "reg_write_M";
    .port_info 26 /OUTPUT 1 "reg_write_W";
    .port_info 27 /OUTPUT 1 "mem_to_reg_E";
    .port_info 28 /OUTPUT 1 "mem_to_reg_M";
    .port_info 29 /OUTPUT 1 "pwm_out";
    .port_info 30 /OUTPUT 32 "instr_D";
    .port_info 31 /OUTPUT 32 "pc_out";
    .port_info 32 /OUTPUT 32 "alu_result_out";
L_000002305c948880 .functor NOT 1, L_000002305c948c00, C4<0>, C4<0>, C4<0>;
L_000002305c948ea0 .functor BUFZ 32, v000002305cd62980_0, C4<00000000000000000000000000000000>, C4<00000000000000000000000000000000>, C4<00000000000000000000000000000000>;
L_000002305c9489d0 .functor NOT 1, v000002305cd6a4c0_0, C4<0>, C4<0>, C4<0>;
L_000002305c948f80 .functor NOT 1, L_000002305cdc3c30, C4<0>, C4<0>, C4<0>;
L_000002305c948ce0 .functor AND 1, L_000002305cd69200, L_000002305cdc41d0, C4<1>, C4<1>;
L_000002305c948ff0 .functor BUFZ 5, v000002305cd66360_0, C4<00000>, C4<00000>, C4<00000>;
L_000002305c9494c0 .functor BUFZ 5, L_000002305cdc3870, C4<00000>, C4<00000>, C4<00000>;
L_000002305c949060 .functor BUFZ 32, v000002305cd64d50_0, C4<00000000000000000000000000000000>, C4<00000000000000000000000000000000>, C4<00000000000000000000000000000000>;
L_000002305c9490d0 .functor BUFZ 1, v000002305cd65d20_0, C4<0>, C4<0>, C4<0>;
L_000002305c949530 .functor BUFZ 5, v000002305cd66ae0_0, C4<00000>, C4<00000>, C4<00000>;
L_000002305c949300 .functor BUFZ 1, v000002305cd658c0_0, C4<0>, C4<0>, C4<0>;
L_000002305c913270 .functor BUFZ 1, v000002305cd658c0_0, C4<0>, C4<0>, C4<0>;
L_000002305c913900 .functor BUFZ 5, v000002305cd66ae0_0, C4<00000>, C4<00000>, C4<00000>;
L_000002305c96db40 .functor BUFZ 32, L_000002305cdc34b0, C4<00000000000000000000000000000000>, C4<00000000000000000000000000000000>, C4<00000000000000000000000000000000>;
L_000002305cd6b170 .functor BUFT 1, C4<00>, C4<0>, C4<0>, C4<0>;
v000002305cd62de0_0 .net/2u *"_ivl_10", 1 0, L_000002305cd6b170;  1 drivers
v000002305cd61bc0_0 .net *"_ivl_100", 0 0, L_000002305cdc4450;  1 drivers
v000002305cd62b60_0 .net *"_ivl_102", 31 0, L_000002305cdc32d0;  1 drivers
L_000002305cd6b5a8 .functor BUFT 1, C4<10>, C4<0>, C4<0>, C4<0>;
v000002305cd61da0_0 .net/2u *"_ivl_106", 1 0, L_000002305cd6b5a8;  1 drivers
v000002305cd61440_0 .net *"_ivl_108", 0 0, L_000002305cdc4bd0;  1 drivers
L_000002305cd6b5f0 .functor BUFT 1, C4<01>, C4<0>, C4<0>, C4<0>;
v000002305cd62e80_0 .net/2u *"_ivl_110", 1 0, L_000002305cd6b5f0;  1 drivers
v000002305cd61f80_0 .net *"_ivl_112", 0 0, L_000002305cdc37d0;  1 drivers
v000002305cd62c00_0 .net *"_ivl_114", 31 0, L_000002305cdc4590;  1 drivers
v000002305cd623e0_0 .net *"_ivl_12", 31 0, L_000002305cd69160;  1 drivers
v000002305cd62700_0 .net *"_ivl_14", 31 0, L_000002305cd6aec0;  1 drivers
L_000002305cd6b128 .functor BUFT 1, C4<00000000000000000000000000000100>, C4<0>, C4<0>, C4<0>;
v000002305cd61580_0 .net/2u *"_ivl_2", 31 0, L_000002305cd6b128;  1 drivers
v000002305cd61620_0 .net *"_ivl_29", 0 0, L_000002305cdc4a90;  1 drivers
v000002305cd616c0_0 .net *"_ivl_30", 15 0, L_000002305cdc3cd0;  1 drivers
v000002305cd618a0_0 .net *"_ivl_33", 15 0, L_000002305cdc3690;  1 drivers
L_000002305cd6b368 .functor BUFT 1, C4<10>, C4<0>, C4<0>, C4<0>;
v000002305cd62480_0 .net/2u *"_ivl_40", 1 0, L_000002305cd6b368;  1 drivers
v000002305cd62840_0 .net *"_ivl_42", 0 0, L_000002305cdc3d70;  1 drivers
L_000002305cd6b3b0 .functor BUFT 1, C4<01>, C4<0>, C4<0>, C4<0>;
v000002305cd628e0_0 .net/2u *"_ivl_44", 1 0, L_000002305cd6b3b0;  1 drivers
v000002305cd62ac0_0 .net *"_ivl_46", 0 0, L_000002305cdc3e10;  1 drivers
v000002305cd640d0_0 .net *"_ivl_48", 31 0, L_000002305cdc3eb0;  1 drivers
L_000002305cd6b3f8 .functor BUFT 1, C4<10>, C4<0>, C4<0>, C4<0>;
v000002305cd631d0_0 .net/2u *"_ivl_52", 1 0, L_000002305cd6b3f8;  1 drivers
v000002305cd64a30_0 .net *"_ivl_54", 0 0, L_000002305cdc35f0;  1 drivers
L_000002305cd6b440 .functor BUFT 1, C4<01>, C4<0>, C4<0>, C4<0>;
v000002305cd64530_0 .net/2u *"_ivl_56", 1 0, L_000002305cd6b440;  1 drivers
v000002305cd63590_0 .net *"_ivl_58", 0 0, L_000002305cdc3ff0;  1 drivers
v000002305cd63950_0 .net *"_ivl_60", 31 0, L_000002305cdc4090;  1 drivers
v000002305cd63770_0 .net *"_ivl_64", 31 0, L_000002305cdc3550;  1 drivers
v000002305cd64350_0 .net *"_ivl_66", 29 0, L_000002305cdc3f50;  1 drivers
L_000002305cd6b488 .functor BUFT 1, C4<00>, C4<0>, C4<0>, C4<0>;
v000002305cd64c10_0 .net *"_ivl_68", 1 0, L_000002305cd6b488;  1 drivers
v000002305cd63810_0 .net *"_ivl_7", 3 0, L_000002305cd6a920;  1 drivers
v000002305cd63b30_0 .net *"_ivl_75", 5 0, L_000002305cdc43b0;  1 drivers
L_000002305cd6b4d0 .functor BUFT 1, C4<000101>, C4<0>, C4<0>, C4<0>;
v000002305cd63310_0 .net/2u *"_ivl_76", 5 0, L_000002305cd6b4d0;  1 drivers
v000002305cd63ef0_0 .net *"_ivl_80", 0 0, L_000002305c948f80;  1 drivers
v000002305cd63c70_0 .net *"_ivl_82", 0 0, L_000002305cdc41d0;  1 drivers
v000002305cd638b0_0 .net *"_ivl_9", 25 0, L_000002305cd6ae20;  1 drivers
L_000002305cd6b518 .functor BUFT 1, C4<10>, C4<0>, C4<0>, C4<0>;
v000002305cd63d10_0 .net/2u *"_ivl_94", 1 0, L_000002305cd6b518;  1 drivers
v000002305cd648f0_0 .net *"_ivl_96", 0 0, L_000002305cdc4270;  1 drivers
L_000002305cd6b560 .functor BUFT 1, C4<01>, C4<0>, C4<0>, C4<0>;
v000002305cd64f30_0 .net/2u *"_ivl_98", 1 0, L_000002305cd6b560;  1 drivers
v000002305cd645d0_0 .net "alu_ctrl_D", 2 0, v000002305c94c810_0;  alias, 1 drivers
v000002305cd64990_0 .var "alu_ctrl_E", 2 0;
v000002305cd63450_0 .net "alu_result_E", 31 0, v000002305c94d170_0;  1 drivers
v000002305cd64d50_0 .var "alu_result_M_reg", 31 0;
v000002305cd64cb0_0 .net "alu_result_M_wire", 31 0, L_000002305c949060;  1 drivers
v000002305cd64170_0 .var "alu_result_W", 31 0;
v000002305cd63270_0 .net "alu_result_out", 31 0, L_000002305c96db40;  alias, 1 drivers
v000002305cd64ad0_0 .net "alu_src_D", 0 0, L_000002305cd692a0;  alias, 1 drivers
v000002305cd64670_0 .var "alu_src_E", 0 0;
v000002305cd63db0_0 .net "bne_D", 0 0, L_000002305cdc3190;  1 drivers
v000002305cd633b0_0 .net "branch_D", 0 0, L_000002305cd69200;  alias, 1 drivers
v000002305cd64210_0 .net "clk", 0 0, v000002305cd6a4c0_0;  alias, 1 drivers
v000002305cd64b70_0 .net "equal_D", 0 0, L_000002305cdc3c30;  1 drivers
v000002305cd63630_0 .net "flush_E", 0 0, L_000002305c948e30;  alias, 1 drivers
v000002305cd643f0_0 .net "forward_a_D", 1 0, v000002305cd682d0_0;  alias, 1 drivers
v000002305cd64df0_0 .net "forward_a_E", 1 0, v000002305cd67150_0;  alias, 1 drivers
v000002305cd639f0_0 .net "forward_b_D", 1 0, v000002305cd684b0_0;  alias, 1 drivers
v000002305cd63bd0_0 .net "forward_b_E", 1 0, v000002305cd671f0_0;  alias, 1 drivers
v000002305cd634f0_0 .net "instr_D", 31 0, v000002305cd63f90_0;  alias, 1 drivers
v000002305cd63f90_0 .var "instr_D_reg", 31 0;
v000002305cd63e50_0 .net "instr_F", 31 0, L_000002305c9488f0;  1 drivers
v000002305cd63a90_0 .net "jump_D", 0 0, L_000002305cd69de0;  alias, 1 drivers
v000002305cd64030_0 .net "mem_to_reg_D", 0 0, L_000002305cd6a600;  alias, 1 drivers
v000002305cd64e90_0 .net "mem_to_reg_E", 0 0, v000002305cd64fd0_0;  alias, 1 drivers
v000002305cd64fd0_0 .var "mem_to_reg_E_reg", 0 0;
v000002305cd63130_0 .net "mem_to_reg_M", 0 0, v000002305cd642b0_0;  alias, 1 drivers
v000002305cd642b0_0 .var "mem_to_reg_M_reg", 0 0;
v000002305cd64710_0 .var "mem_to_reg_W", 0 0;
v000002305cd64490_0 .net "mem_write_D", 0 0, L_000002305cd6a420;  alias, 1 drivers
v000002305cd647b0_0 .var "mem_write_E", 0 0;
v000002305cd64850_0 .var "mem_write_M", 0 0;
v000002305cd636d0_0 .net "pc_F", 31 0, v000002305cd62980_0;  1 drivers
v000002305cd66540_0 .net "pc_branch_D", 31 0, L_000002305cdc5030;  1 drivers
v000002305cd65500_0 .net "pc_next_F", 31 0, L_000002305cd693e0;  1 drivers
v000002305cd65f00_0 .net "pc_out", 31 0, L_000002305c948ea0;  alias, 1 drivers
v000002305cd65280_0 .var "pc_plus4_D", 31 0;
v000002305cd662c0_0 .net "pc_plus4_F", 31 0, L_000002305cd6a740;  1 drivers
v000002305cd66fe0_0 .net "pc_src_D", 0 0, L_000002305c948ce0;  1 drivers
v000002305cd65460_0 .net "pwm_out", 0 0, v000002305c94d210_0;  alias, 1 drivers
v000002305cd66400_0 .net "rd1_D", 31 0, L_000002305cdc4630;  1 drivers
v000002305cd66f40_0 .var "rd1_E", 31 0;
v000002305cd66040_0 .net "rd2_D", 31 0, L_000002305cdc4770;  1 drivers
v000002305cd65320_0 .var "rd2_E", 31 0;
v000002305cd65960_0 .var "rd_E", 4 0;
v000002305cd65c80_0 .net "read_data_M", 31 0, v000002305c926be0_0;  1 drivers
v000002305cd66220_0 .var "read_data_W", 31 0;
v000002305cd669a0_0 .net "reg_dst_D", 0 0, L_000002305cd69a20;  alias, 1 drivers
v000002305cd660e0_0 .var "reg_dst_E", 0 0;
v000002305cd66cc0_0 .net "reg_write_D", 0 0, L_000002305cd697a0;  alias, 1 drivers
v000002305cd656e0_0 .net "reg_write_E", 0 0, v000002305cd66180_0;  alias, 1 drivers
v000002305cd66180_0 .var "reg_write_E_reg", 0 0;
v000002305cd66e00_0 .net "reg_write_M", 0 0, L_000002305c9490d0;  alias, 1 drivers
v000002305cd65d20_0 .var "reg_write_M_reg", 0 0;
v000002305cd667c0_0 .net "reg_write_W", 0 0, L_000002305c949300;  alias, 1 drivers
v000002305cd658c0_0 .var "reg_write_W_reg", 0 0;
v000002305cd653c0_0 .net "reg_write_W_wire", 0 0, L_000002305c913270;  1 drivers
v000002305cd65a00_0 .net "result_W", 31 0, L_000002305cdc34b0;  1 drivers
v000002305cd651e0_0 .net "rs_D", 4 0, L_000002305cdc4810;  alias, 1 drivers
v000002305cd66ea0_0 .net "rs_E", 4 0, L_000002305c948ff0;  alias, 1 drivers
v000002305cd66360_0 .var "rs_E_reg", 4 0;
v000002305cd655a0_0 .net "rst_n", 0 0, v000002305cd69700_0;  alias, 1 drivers
v000002305cd65140_0 .net "rt_D", 4 0, L_000002305cdc3b90;  alias, 1 drivers
v000002305cd65fa0_0 .net "rt_E", 4 0, v000002305cd66d60_0;  alias, 1 drivers
v000002305cd66d60_0 .var "rt_E_reg", 4 0;
v000002305cd65640_0 .net "sign_imm_D", 31 0, L_000002305cdc44f0;  1 drivers
v000002305cd65780_0 .var "sign_imm_E", 31 0;
v000002305cd65820_0 .net "src_a_D", 31 0, L_000002305cdc4f90;  1 drivers
v000002305cd65aa0_0 .net "src_a_E_final", 31 0, L_000002305cdc4b30;  1 drivers
v000002305cd66680_0 .net "src_b_D", 31 0, L_000002305cdc39b0;  1 drivers
v000002305cd65dc0_0 .net "src_b_E_final", 31 0, L_000002305cdc3730;  1 drivers
v000002305cd66860_0 .net "src_b_E_temp", 31 0, L_000002305cdc3a50;  1 drivers
v000002305cd65b40_0 .net "stall_D", 0 0, L_000002305c948dc0;  alias, 1 drivers
v000002305cd664a0_0 .net "stall_F", 0 0, L_000002305c948c00;  alias, 1 drivers
v000002305cd65be0_0 .var "write_data_M", 31 0;
v000002305cd65e60_0 .net "write_reg_E", 4 0, L_000002305c9494c0;  alias, 1 drivers
v000002305cd665e0_0 .net "write_reg_E_wire", 4 0, L_000002305cdc3870;  1 drivers
v000002305cd66720_0 .net "write_reg_M", 4 0, v000002305cd66900_0;  alias, 1 drivers
v000002305cd66900_0 .var "write_reg_M_reg", 4 0;
v000002305cd66a40_0 .net "write_reg_W", 4 0, L_000002305c949530;  alias, 1 drivers
v000002305cd66ae0_0 .var "write_reg_W_reg", 4 0;
v000002305cd66b80_0 .net "write_reg_W_wire", 4 0, L_000002305c913900;  1 drivers
v000002305cd66c20_0 .net "zero_E", 0 0, L_000002305cdc3410;  1 drivers
L_000002305cd6a740 .arith/sum 32, v000002305cd62980_0, L_000002305cd6b128;
L_000002305cd6a920 .part v000002305cd65280_0, 28, 4;
L_000002305cd6ae20 .part v000002305cd63f90_0, 0, 26;
L_000002305cd69160 .concat [ 2 26 4 0], L_000002305cd6b170, L_000002305cd6ae20, L_000002305cd6a920;
L_000002305cd6aec0 .functor MUXZ 32, L_000002305cd6a740, L_000002305cd69160, L_000002305cd69de0, C4<>;
L_000002305cd693e0 .functor MUXZ 32, L_000002305cd6aec0, L_000002305cdc5030, L_000002305c948ce0, C4<>;
L_000002305cdc3230 .part v000002305cd63f90_0, 21, 5;
L_000002305cdc4130 .part v000002305cd63f90_0, 16, 5;
L_000002305cdc4a90 .part v000002305cd63f90_0, 15, 1;
LS_000002305cdc3cd0_0_0 .concat [ 1 1 1 1], L_000002305cdc4a90, L_000002305cdc4a90, L_000002305cdc4a90, L_000002305cdc4a90;
LS_000002305cdc3cd0_0_4 .concat [ 1 1 1 1], L_000002305cdc4a90, L_000002305cdc4a90, L_000002305cdc4a90, L_000002305cdc4a90;
LS_000002305cdc3cd0_0_8 .concat [ 1 1 1 1], L_000002305cdc4a90, L_000002305cdc4a90, L_000002305cdc4a90, L_000002305cdc4a90;
LS_000002305cdc3cd0_0_12 .concat [ 1 1 1 1], L_000002305cdc4a90, L_000002305cdc4a90, L_000002305cdc4a90, L_000002305cdc4a90;
L_000002305cdc3cd0 .concat [ 4 4 4 4], LS_000002305cdc3cd0_0_0, LS_000002305cdc3cd0_0_4, LS_000002305cdc3cd0_0_8, LS_000002305cdc3cd0_0_12;
L_000002305cdc3690 .part v000002305cd63f90_0, 0, 16;
L_000002305cdc44f0 .concat [ 16 16 0 0], L_000002305cdc3690, L_000002305cdc3cd0;
L_000002305cdc4810 .part v000002305cd63f90_0, 21, 5;
L_000002305cdc3b90 .part v000002305cd63f90_0, 16, 5;
L_000002305cdc3d70 .cmp/eq 2, v000002305cd682d0_0, L_000002305cd6b368;
L_000002305cdc3e10 .cmp/eq 2, v000002305cd682d0_0, L_000002305cd6b3b0;
L_000002305cdc3eb0 .functor MUXZ 32, L_000002305cdc4630, L_000002305cdc34b0, L_000002305cdc3e10, C4<>;
L_000002305cdc4f90 .functor MUXZ 32, L_000002305cdc3eb0, L_000002305c949060, L_000002305cdc3d70, C4<>;
L_000002305cdc35f0 .cmp/eq 2, v000002305cd684b0_0, L_000002305cd6b3f8;
L_000002305cdc3ff0 .cmp/eq 2, v000002305cd684b0_0, L_000002305cd6b440;
L_000002305cdc4090 .functor MUXZ 32, L_000002305cdc4770, L_000002305cdc34b0, L_000002305cdc3ff0, C4<>;
L_000002305cdc39b0 .functor MUXZ 32, L_000002305cdc4090, L_000002305c949060, L_000002305cdc35f0, C4<>;
L_000002305cdc3f50 .part L_000002305cdc44f0, 0, 30;
L_000002305cdc3550 .concat [ 2 30 0 0], L_000002305cd6b488, L_000002305cdc3f50;
L_000002305cdc5030 .arith/sum 32, v000002305cd65280_0, L_000002305cdc3550;
L_000002305cdc3c30 .cmp/eq 32, L_000002305cdc4f90, L_000002305cdc39b0;
L_000002305cdc43b0 .part v000002305cd63f90_0, 26, 6;
L_000002305cdc3190 .cmp/eq 6, L_000002305cdc43b0, L_000002305cd6b4d0;
L_000002305cdc41d0 .functor MUXZ 1, L_000002305cdc3c30, L_000002305c948f80, L_000002305cdc3190, C4<>;
L_000002305cdc4270 .cmp/eq 2, v000002305cd67150_0, L_000002305cd6b518;
L_000002305cdc4450 .cmp/eq 2, v000002305cd67150_0, L_000002305cd6b560;
L_000002305cdc32d0 .functor MUXZ 32, v000002305cd66f40_0, L_000002305cdc34b0, L_000002305cdc4450, C4<>;
L_000002305cdc4b30 .functor MUXZ 32, L_000002305cdc32d0, L_000002305c949060, L_000002305cdc4270, C4<>;
L_000002305cdc4bd0 .cmp/eq 2, v000002305cd671f0_0, L_000002305cd6b5a8;
L_000002305cdc37d0 .cmp/eq 2, v000002305cd671f0_0, L_000002305cd6b5f0;
L_000002305cdc4590 .functor MUXZ 32, v000002305cd65320_0, L_000002305cdc34b0, L_000002305cdc37d0, C4<>;
L_000002305cdc3a50 .functor MUXZ 32, L_000002305cdc4590, L_000002305c949060, L_000002305cdc4bd0, C4<>;
L_000002305cdc3730 .functor MUXZ 32, L_000002305cdc3a50, v000002305cd65780_0, v000002305cd64670_0, C4<>;
L_000002305cdc3870 .functor MUXZ 5, v000002305cd66d60_0, v000002305cd65960_0, v000002305cd660e0_0, C4<>;
L_000002305cdc34b0 .functor MUXZ 32, v000002305cd64170_0, v000002305cd66220_0, v000002305cd64710_0, C4<>;
S_000002305c8d0ae0 .scope module, "u_alu" "alu" 7 130, 8 2 0, S_000002305c9dd800;
 .timescale -9 -12;
    .port_info 0 /INPUT 32 "src_a";
    .port_info 1 /INPUT 32 "src_b";
    .port_info 2 /INPUT 3 "alu_ctrl";
    .port_info 3 /OUTPUT 32 "result";
    .port_info 4 /OUTPUT 1 "zero";
L_000002305cd6b638 .functor BUFT 1, C4<00000000000000000000000000000000>, C4<0>, C4<0>, C4<0>;
v000002305c94e1b0_0 .net/2u *"_ivl_0", 31 0, L_000002305cd6b638;  1 drivers
v000002305c94cef0_0 .net "alu_ctrl", 2 0, v000002305cd64990_0;  1 drivers
v000002305c94d170_0 .var "result", 31 0;
v000002305c94d490_0 .net "src_a", 31 0, L_000002305cdc4b30;  alias, 1 drivers
v000002305c94e390_0 .net "src_b", 31 0, L_000002305cdc3730;  alias, 1 drivers
v000002305c94c8b0_0 .net "zero", 0 0, L_000002305cdc3410;  alias, 1 drivers
E_000002305c92f050 .event anyedge, v000002305c94cef0_0, v000002305c94d490_0, v000002305c94e390_0;
L_000002305cdc3410 .cmp/eq 32, v000002305c94d170_0, L_000002305cd6b638;
S_000002305c8d0c70 .scope module, "u_data_mem" "data_memory" 7 155, 9 14 0, S_000002305c9dd800;
 .timescale -9 -12;
    .port_info 0 /INPUT 1 "clk";
    .port_info 1 /INPUT 1 "rst_n";
    .port_info 2 /INPUT 1 "mem_write_en";
    .port_info 3 /INPUT 32 "addr";
    .port_info 4 /INPUT 32 "write_data";
    .port_info 5 /OUTPUT 1 "pwm_out";
    .port_info 6 /OUTPUT 32 "read_data";
L_000002305c9491b0 .functor BUFZ 32, L_000002305cdc4d10, C4<00000000000000000000000000000000>, C4<00000000000000000000000000000000>, C4<00000000000000000000000000000000>;
v000002305c94d8f0_0 .net *"_ivl_0", 31 0, L_000002305cdc4d10;  1 drivers
v000002305c94c950_0 .net *"_ivl_3", 5 0, L_000002305cdc3370;  1 drivers
v000002305c94e570_0 .net *"_ivl_4", 7 0, L_000002305cdc46d0;  1 drivers
L_000002305cd6b680 .functor BUFT 1, C4<00>, C4<0>, C4<0>, C4<0>;
v000002305c94d670_0 .net *"_ivl_7", 1 0, L_000002305cd6b680;  1 drivers
v000002305c94c770_0 .net "addr", 31 0, v000002305cd64d50_0;  1 drivers
v000002305c94d2b0_0 .net "clk", 0 0, v000002305cd6a4c0_0;  alias, 1 drivers
v000002305c94d710_0 .net "mem_write_en", 0 0, v000002305cd64850_0;  1 drivers
v000002305c94d7b0_0 .var "pwm_duty", 7 0;
v000002305c94d850_0 .var "pwm_en", 0 0;
v000002305c94da30_0 .net "pwm_out", 0 0, v000002305c94d210_0;  alias, 1 drivers
v000002305c933390 .array "ram", 63 0, 31 0;
v000002305c933610_0 .net "ram_out", 31 0, L_000002305c9491b0;  1 drivers
v000002305c926be0_0 .var "read_data", 31 0;
v000002305c926320_0 .net "rst_n", 0 0, v000002305cd69700_0;  alias, 1 drivers
v000002305cd62160_0 .net "write_data", 31 0, v000002305cd65be0_0;  1 drivers
E_000002305c92f0d0 .event anyedge, v000002305c94c770_0, v000002305c94cbd0_0, v000002305c94cb30_0, v000002305c933610_0;
E_000002305c92f7d0 .event posedge, v000002305c94d0d0_0;
L_000002305cdc4d10 .array/port v000002305c933390, L_000002305cdc46d0;
L_000002305cdc3370 .part v000002305cd64d50_0, 2, 6;
L_000002305cdc46d0 .concat [ 6 2 0 0], L_000002305cdc3370, L_000002305cd6b680;
S_000002305c8fd870 .scope module, "u_pwm" "pwm_controller" 9 36, 10 2 0, S_000002305c8d0c70;
 .timescale -9 -12;
    .port_info 0 /INPUT 1 "clk";
    .port_info 1 /INPUT 1 "rst_n";
    .port_info 2 /INPUT 1 "enable";
    .port_info 3 /INPUT 8 "duty_cycle";
    .port_info 4 /OUTPUT 1 "pwm_out";
v000002305c94d0d0_0 .net "clk", 0 0, v000002305cd6a4c0_0;  alias, 1 drivers
v000002305c94cf90_0 .var "counter", 7 0;
v000002305c94cbd0_0 .net "duty_cycle", 7 0, v000002305c94d7b0_0;  1 drivers
v000002305c94cb30_0 .net "enable", 0 0, v000002305c94d850_0;  1 drivers
v000002305c94d210_0 .var "pwm_out", 0 0;
v000002305c94d530_0 .net "rst_n", 0 0, v000002305cd69700_0;  alias, 1 drivers
E_000002305c92f110/0 .event negedge, v000002305c94d530_0;
E_000002305c92f110/1 .event posedge, v000002305c94d0d0_0;
E_000002305c92f110 .event/or E_000002305c92f110/0, E_000002305c92f110/1;
S_000002305c8fda00 .scope module, "u_imem" "instruction_memory" 7 48, 11 2 0, S_000002305c9dd800;
 .timescale -9 -12;
    .port_info 0 /INPUT 32 "addr";
    .port_info 1 /OUTPUT 32 "rd";
P_000002305c9d99e0 .param/l "DEPTH" 0 11 4, +C4<00000000000000000000000100000000>;
P_000002305c9d9a18 .param/l "WIDTH" 0 11 3, +C4<00000000000000000000000000100000>;
L_000002305c9488f0 .functor BUFZ 32, L_000002305cd6ad80, C4<00000000000000000000000000000000>, C4<00000000000000000000000000000000>, C4<00000000000000000000000000000000>;
v000002305cd614e0_0 .net *"_ivl_0", 31 0, L_000002305cd6ad80;  1 drivers
v000002305cd61940_0 .net *"_ivl_3", 29 0, L_000002305cd6aba0;  1 drivers
v000002305cd61a80_0 .net "addr", 31 0, v000002305cd62980_0;  alias, 1 drivers
v000002305cd62f20 .array "ram", 255 0, 31 0;
v000002305cd622a0_0 .net "rd", 31 0, L_000002305c9488f0;  alias, 1 drivers
L_000002305cd6ad80 .array/port v000002305cd62f20, L_000002305cd6aba0;
L_000002305cd6aba0 .part v000002305cd62980_0, 2, 30;
S_000002305c8c2830 .scope module, "u_pc" "pc" 7 47, 12 2 0, S_000002305c9dd800;
 .timescale -9 -12;
    .port_info 0 /INPUT 1 "clk";
    .port_info 1 /INPUT 1 "rst_n";
    .port_info 2 /INPUT 1 "en";
    .port_info 3 /INPUT 32 "pc_next";
    .port_info 4 /OUTPUT 32 "pc";
v000002305cd61c60_0 .net "clk", 0 0, v000002305cd6a4c0_0;  alias, 1 drivers
v000002305cd62200_0 .net "en", 0 0, L_000002305c948880;  1 drivers
v000002305cd62980_0 .var "pc", 31 0;
v000002305cd62ca0_0 .net "pc_next", 31 0, L_000002305cd693e0;  alias, 1 drivers
v000002305cd619e0_0 .net "rst_n", 0 0, v000002305cd69700_0;  alias, 1 drivers
S_000002305c8c29c0 .scope module, "u_reg_file" "reg_file" 7 73, 13 2 0, S_000002305c9dd800;
 .timescale -9 -12;
    .port_info 0 /INPUT 1 "clk";
    .port_info 1 /INPUT 1 "we3";
    .port_info 2 /INPUT 5 "wa3";
    .port_info 3 /INPUT 32 "wd3";
    .port_info 4 /INPUT 5 "ra1";
    .port_info 5 /INPUT 5 "ra2";
    .port_info 6 /OUTPUT 32 "rd1";
    .port_info 7 /OUTPUT 32 "rd2";
L_000002305cd6b1b8 .functor BUFT 1, C4<00000>, C4<0>, C4<0>, C4<0>;
v000002305cd611c0_0 .net/2u *"_ivl_0", 4 0, L_000002305cd6b1b8;  1 drivers
L_000002305cd6b248 .functor BUFT 1, C4<00>, C4<0>, C4<0>, C4<0>;
v000002305cd62520_0 .net *"_ivl_11", 1 0, L_000002305cd6b248;  1 drivers
L_000002305cd6b290 .functor BUFT 1, C4<00000>, C4<0>, C4<0>, C4<0>;
v000002305cd61260_0 .net/2u *"_ivl_14", 4 0, L_000002305cd6b290;  1 drivers
v000002305cd62fc0_0 .net *"_ivl_16", 0 0, L_000002305cdc4310;  1 drivers
L_000002305cd6b2d8 .functor BUFT 1, C4<00000000000000000000000000000000>, C4<0>, C4<0>, C4<0>;
v000002305cd625c0_0 .net/2u *"_ivl_18", 31 0, L_000002305cd6b2d8;  1 drivers
v000002305cd62660_0 .net *"_ivl_2", 0 0, L_000002305cd6af60;  1 drivers
v000002305cd61b20_0 .net *"_ivl_20", 31 0, L_000002305cdc4c70;  1 drivers
v000002305cd62a20_0 .net *"_ivl_22", 6 0, L_000002305cdc49f0;  1 drivers
L_000002305cd6b320 .functor BUFT 1, C4<00>, C4<0>, C4<0>, C4<0>;
v000002305cd62020_0 .net *"_ivl_25", 1 0, L_000002305cd6b320;  1 drivers
L_000002305cd6b200 .functor BUFT 1, C4<00000000000000000000000000000000>, C4<0>, C4<0>, C4<0>;
v000002305cd61e40_0 .net/2u *"_ivl_4", 31 0, L_000002305cd6b200;  1 drivers
v000002305cd61760_0 .net *"_ivl_6", 31 0, L_000002305cd6b000;  1 drivers
v000002305cd61800_0 .net *"_ivl_8", 6 0, L_000002305cd69340;  1 drivers
v000002305cd620c0_0 .net "clk", 0 0, L_000002305c9489d0;  1 drivers
v000002305cd627a0_0 .net "ra1", 4 0, L_000002305cdc3230;  1 drivers
v000002305cd61120_0 .net "ra2", 4 0, L_000002305cdc4130;  1 drivers
v000002305cd62d40_0 .net "rd1", 31 0, L_000002305cdc4630;  alias, 1 drivers
v000002305cd61300_0 .net "rd2", 31 0, L_000002305cdc4770;  alias, 1 drivers
v000002305cd61d00 .array "rf", 0 31, 31 0;
v000002305cd613a0_0 .net "wa3", 4 0, L_000002305c913900;  alias, 1 drivers
v000002305cd61ee0_0 .net "wd3", 31 0, L_000002305cdc34b0;  alias, 1 drivers
v000002305cd62340_0 .net "we3", 0 0, L_000002305c913270;  alias, 1 drivers
E_000002305c92f510 .event posedge, v000002305cd620c0_0;
L_000002305cd6af60 .cmp/eq 5, L_000002305cdc3230, L_000002305cd6b1b8;
L_000002305cd6b000 .array/port v000002305cd61d00, L_000002305cd69340;
L_000002305cd69340 .concat [ 5 2 0 0], L_000002305cdc3230, L_000002305cd6b248;
L_000002305cdc4630 .functor MUXZ 32, L_000002305cd6b000, L_000002305cd6b200, L_000002305cd6af60, C4<>;
L_000002305cdc4310 .cmp/eq 5, L_000002305cdc4130, L_000002305cd6b290;
L_000002305cdc4c70 .array/port v000002305cd61d00, L_000002305cdc49f0;
L_000002305cdc49f0 .concat [ 5 2 0 0], L_000002305cdc4130, L_000002305cd6b320;
L_000002305cdc4770 .functor MUXZ 32, L_000002305cdc4c70, L_000002305cd6b2d8, L_000002305cdc4310, C4<>;
S_000002305c8d7660 .scope module, "u_hazard" "hazard_unit" 3 55, 14 15 0, S_000002305c8fed00;
 .timescale -9 -12;
    .port_info 0 /INPUT 5 "rs_E";
    .port_info 1 /INPUT 5 "rt_E";
    .port_info 2 /INPUT 5 "write_reg_E";
    .port_info 3 /INPUT 1 "reg_write_E";
    .port_info 4 /INPUT 1 "mem_to_reg_E";
    .port_info 5 /INPUT 5 "write_reg_M";
    .port_info 6 /INPUT 1 "reg_write_M";
    .port_info 7 /INPUT 1 "mem_to_reg_M";
    .port_info 8 /INPUT 5 "write_reg_W";
    .port_info 9 /INPUT 1 "reg_write_W";
    .port_info 10 /INPUT 5 "rs_D";
    .port_info 11 /INPUT 5 "rt_D";
    .port_info 12 /INPUT 1 "branch_D";
    .port_info 13 /OUTPUT 2 "forward_a_E";
    .port_info 14 /OUTPUT 2 "forward_b_E";
    .port_info 15 /OUTPUT 2 "forward_a_D";
    .port_info 16 /OUTPUT 2 "forward_b_D";
    .port_info 17 /OUTPUT 1 "stall_F";
    .port_info 18 /OUTPUT 1 "stall_D";
    .port_info 19 /OUTPUT 1 "flush_E";
L_000002305c948f10 .functor OR 1, L_000002305cd69fc0, L_000002305cd6a060, C4<0>, C4<0>;
L_000002305c9495a0 .functor AND 1, v000002305cd64fd0_0, L_000002305c948f10, C4<1>, C4<1>;
L_000002305c948d50 .functor OR 1, L_000002305cd6a2e0, L_000002305cd6a1a0, C4<0>, C4<0>;
L_000002305c949680 .functor AND 1, v000002305cd66180_0, L_000002305c948d50, C4<1>, C4<1>;
L_000002305c9493e0 .functor OR 1, L_000002305cd6a240, L_000002305cd6a380, C4<0>, C4<0>;
L_000002305c949760 .functor AND 1, v000002305cd642b0_0, L_000002305c9493e0, C4<1>, C4<1>;
L_000002305c949290 .functor OR 1, L_000002305c949680, L_000002305c949760, C4<0>, C4<0>;
L_000002305c949220 .functor AND 1, L_000002305cd69200, L_000002305c949290, C4<1>, C4<1>;
L_000002305c948c00 .functor OR 1, L_000002305c9495a0, L_000002305c949220, C4<0>, C4<0>;
L_000002305c948dc0 .functor OR 1, L_000002305c9495a0, L_000002305c949220, C4<0>, C4<0>;
L_000002305c948e30 .functor OR 1, L_000002305c9495a0, L_000002305c949220, C4<0>, C4<0>;
v000002305cd67dd0_0 .net *"_ivl_0", 0 0, L_000002305cd69fc0;  1 drivers
v000002305cd68550_0 .net *"_ivl_10", 0 0, L_000002305cd6a1a0;  1 drivers
v000002305cd68f50_0 .net *"_ivl_13", 0 0, L_000002305c948d50;  1 drivers
v000002305cd68a50_0 .net *"_ivl_15", 0 0, L_000002305c949680;  1 drivers
v000002305cd68ff0_0 .net *"_ivl_16", 0 0, L_000002305cd6a240;  1 drivers
v000002305cd675b0_0 .net *"_ivl_18", 0 0, L_000002305cd6a380;  1 drivers
v000002305cd67650_0 .net *"_ivl_2", 0 0, L_000002305cd6a060;  1 drivers
v000002305cd68910_0 .net *"_ivl_21", 0 0, L_000002305c9493e0;  1 drivers
v000002305cd68230_0 .net *"_ivl_23", 0 0, L_000002305c949760;  1 drivers
v000002305cd676f0_0 .net *"_ivl_25", 0 0, L_000002305c949290;  1 drivers
v000002305cd67510_0 .net *"_ivl_5", 0 0, L_000002305c948f10;  1 drivers
v000002305cd687d0_0 .net *"_ivl_8", 0 0, L_000002305cd6a2e0;  1 drivers
v000002305cd67970_0 .net "branch_D", 0 0, L_000002305cd69200;  alias, 1 drivers
v000002305cd68cd0_0 .net "branchstall", 0 0, L_000002305c949220;  1 drivers
v000002305cd67790_0 .net "flush_E", 0 0, L_000002305c948e30;  alias, 1 drivers
v000002305cd682d0_0 .var "forward_a_D", 1 0;
v000002305cd67150_0 .var "forward_a_E", 1 0;
v000002305cd684b0_0 .var "forward_b_D", 1 0;
v000002305cd671f0_0 .var "forward_b_E", 1 0;
v000002305cd68190_0 .net "lwstall", 0 0, L_000002305c9495a0;  1 drivers
v000002305cd67290_0 .net "mem_to_reg_E", 0 0, v000002305cd64fd0_0;  alias, 1 drivers
v000002305cd689b0_0 .net "mem_to_reg_M", 0 0, v000002305cd642b0_0;  alias, 1 drivers
v000002305cd67b50_0 .net "reg_write_E", 0 0, v000002305cd66180_0;  alias, 1 drivers
v000002305cd673d0_0 .net "reg_write_M", 0 0, L_000002305c9490d0;  alias, 1 drivers
v000002305cd68d70_0 .net "reg_write_W", 0 0, L_000002305c949300;  alias, 1 drivers
v000002305cd68410_0 .net "rs_D", 4 0, L_000002305cdc4810;  alias, 1 drivers
v000002305cd68b90_0 .net "rs_E", 4 0, L_000002305c948ff0;  alias, 1 drivers
v000002305cd68af0_0 .net "rt_D", 4 0, L_000002305cdc3b90;  alias, 1 drivers
v000002305cd678d0_0 .net "rt_E", 4 0, v000002305cd66d60_0;  alias, 1 drivers
v000002305cd68870_0 .net "stall_D", 0 0, L_000002305c948dc0;  alias, 1 drivers
v000002305cd68eb0_0 .net "stall_F", 0 0, L_000002305c948c00;  alias, 1 drivers
v000002305cd68c30_0 .net "write_reg_E", 4 0, L_000002305c9494c0;  alias, 1 drivers
v000002305cd67ab0_0 .net "write_reg_M", 4 0, v000002305cd66900_0;  alias, 1 drivers
v000002305cd68e10_0 .net "write_reg_W", 4 0, L_000002305c949530;  alias, 1 drivers
E_000002305c92eb50/0 .event anyedge, v000002305cd66e00_0, v000002305cd66720_0, v000002305cd651e0_0, v000002305cd667c0_0;
E_000002305c92eb50/1 .event anyedge, v000002305cd66a40_0, v000002305cd65140_0;
E_000002305c92eb50 .event/or E_000002305c92eb50/0, E_000002305c92eb50/1;
E_000002305c92f5d0/0 .event anyedge, v000002305cd66e00_0, v000002305cd66720_0, v000002305cd66ea0_0, v000002305cd667c0_0;
E_000002305c92f5d0/1 .event anyedge, v000002305cd66a40_0, v000002305cd65fa0_0;
E_000002305c92f5d0 .event/or E_000002305c92f5d0/0, E_000002305c92f5d0/1;
L_000002305cd69fc0 .cmp/eq 5, L_000002305c9494c0, L_000002305cdc4810;
L_000002305cd6a060 .cmp/eq 5, L_000002305c9494c0, L_000002305cdc3b90;
L_000002305cd6a2e0 .cmp/eq 5, L_000002305c9494c0, L_000002305cdc4810;
L_000002305cd6a1a0 .cmp/eq 5, L_000002305c9494c0, L_000002305cdc3b90;
L_000002305cd6a240 .cmp/eq 5, v000002305cd66900_0, L_000002305cdc4810;
L_000002305cd6a380 .cmp/eq 5, v000002305cd66900_0, L_000002305cdc3b90;
    .scope S_000002305c9117b0;
T_0 ;
    %wait E_000002305c92f010;
    %load/vec4 v000002305c94ce50_0;
    %dup/vec4;
    %pushi/vec4 0, 0, 6;
    %cmp/u;
    %jmp/1 T_0.0, 6;
    %dup/vec4;
    %pushi/vec4 35, 0, 6;
    %cmp/u;
    %jmp/1 T_0.1, 6;
    %dup/vec4;
    %pushi/vec4 43, 0, 6;
    %cmp/u;
    %jmp/1 T_0.2, 6;
    %dup/vec4;
    %pushi/vec4 4, 0, 6;
    %cmp/u;
    %jmp/1 T_0.3, 6;
    %dup/vec4;
    %pushi/vec4 5, 0, 6;
    %cmp/u;
    %jmp/1 T_0.4, 6;
    %dup/vec4;
    %pushi/vec4 8, 0, 6;
    %cmp/u;
    %jmp/1 T_0.5, 6;
    %dup/vec4;
    %pushi/vec4 2, 0, 6;
    %cmp/u;
    %jmp/1 T_0.6, 6;
    %pushi/vec4 0, 0, 10;
    %store/vec4 v000002305c94c9f0_0, 0, 10;
    %jmp T_0.8;
T_0.0 ;
    %pushi/vec4 386, 0, 10;
    %store/vec4 v000002305c94c9f0_0, 0, 10;
    %jmp T_0.8;
T_0.1 ;
    %pushi/vec4 328, 0, 10;
    %store/vec4 v000002305c94c9f0_0, 0, 10;
    %jmp T_0.8;
T_0.2 ;
    %pushi/vec4 80, 0, 10;
    %store/vec4 v000002305c94c9f0_0, 0, 10;
    %jmp T_0.8;
T_0.3 ;
    %pushi/vec4 33, 0, 10;
    %store/vec4 v000002305c94c9f0_0, 0, 10;
    %jmp T_0.8;
T_0.4 ;
    %pushi/vec4 33, 0, 10;
    %store/vec4 v000002305c94c9f0_0, 0, 10;
    %jmp T_0.8;
T_0.5 ;
    %pushi/vec4 320, 0, 10;
    %store/vec4 v000002305c94c9f0_0, 0, 10;
    %jmp T_0.8;
T_0.6 ;
    %pushi/vec4 4, 0, 10;
    %store/vec4 v000002305c94c9f0_0, 0, 10;
    %jmp T_0.8;
T_0.8 ;
    %pop/vec4 1;
    %jmp T_0;
    .thread T_0, $push;
    .scope S_000002305c911620;
T_1 ;
    %wait E_000002305c92f8d0;
    %load/vec4 v000002305c94d3f0_0;
    %dup/vec4;
    %pushi/vec4 0, 0, 2;
    %cmp/u;
    %jmp/1 T_1.0, 6;
    %dup/vec4;
    %pushi/vec4 1, 0, 2;
    %cmp/u;
    %jmp/1 T_1.1, 6;
    %dup/vec4;
    %pushi/vec4 2, 0, 2;
    %cmp/u;
    %jmp/1 T_1.2, 6;
    %pushi/vec4 0, 0, 3;
    %store/vec4 v000002305c94c810_0, 0, 3;
    %jmp T_1.4;
T_1.0 ;
    %pushi/vec4 2, 0, 3;
    %store/vec4 v000002305c94c810_0, 0, 3;
    %jmp T_1.4;
T_1.1 ;
    %pushi/vec4 6, 0, 3;
    %store/vec4 v000002305c94c810_0, 0, 3;
    %jmp T_1.4;
T_1.2 ;
    %load/vec4 v000002305c94dd50_0;
    %dup/vec4;
    %pushi/vec4 32, 0, 6;
    %cmp/u;
    %jmp/1 T_1.5, 6;
    %dup/vec4;
    %pushi/vec4 34, 0, 6;
    %cmp/u;
    %jmp/1 T_1.6, 6;
    %dup/vec4;
    %pushi/vec4 36, 0, 6;
    %cmp/u;
    %jmp/1 T_1.7, 6;
    %dup/vec4;
    %pushi/vec4 37, 0, 6;
    %cmp/u;
    %jmp/1 T_1.8, 6;
    %dup/vec4;
    %pushi/vec4 42, 0, 6;
    %cmp/u;
    %jmp/1 T_1.9, 6;
    %pushi/vec4 2, 0, 3;
    %store/vec4 v000002305c94c810_0, 0, 3;
    %jmp T_1.11;
T_1.5 ;
    %pushi/vec4 2, 0, 3;
    %store/vec4 v000002305c94c810_0, 0, 3;
    %jmp T_1.11;
T_1.6 ;
    %pushi/vec4 6, 0, 3;
    %store/vec4 v000002305c94c810_0, 0, 3;
    %jmp T_1.11;
T_1.7 ;
    %pushi/vec4 0, 0, 3;
    %store/vec4 v000002305c94c810_0, 0, 3;
    %jmp T_1.11;
T_1.8 ;
    %pushi/vec4 1, 0, 3;
    %store/vec4 v000002305c94c810_0, 0, 3;
    %jmp T_1.11;
T_1.9 ;
    %pushi/vec4 7, 0, 3;
    %store/vec4 v000002305c94c810_0, 0, 3;
    %jmp T_1.11;
T_1.11 ;
    %pop/vec4 1;
    %jmp T_1.4;
T_1.4 ;
    %pop/vec4 1;
    %jmp T_1;
    .thread T_1, $push;
    .scope S_000002305c8d7660;
T_2 ;
    %wait E_000002305c92f5d0;
    %load/vec4 v000002305cd673d0_0;
    %flag_set/vec4 10;
    %flag_get/vec4 10;
    %jmp/0 T_2.3, 10;
    %load/vec4 v000002305cd67ab0_0;
    %pad/u 32;
    %pushi/vec4 0, 0, 32;
    %cmp/ne;
    %flag_get/vec4 4;
    %and;
T_2.3;
    %flag_set/vec4 9;
    %flag_get/vec4 9;
    %jmp/0 T_2.2, 9;
    %load/vec4 v000002305cd67ab0_0;
    %load/vec4 v000002305cd68b90_0;
    %cmp/e;
    %flag_get/vec4 4;
    %and;
T_2.2;
    %flag_set/vec4 8;
    %jmp/0xz  T_2.0, 8;
    %pushi/vec4 2, 0, 2;
    %store/vec4 v000002305cd67150_0, 0, 2;
    %jmp T_2.1;
T_2.0 ;
    %load/vec4 v000002305cd68d70_0;
    %flag_set/vec4 10;
    %flag_get/vec4 10;
    %jmp/0 T_2.7, 10;
    %load/vec4 v000002305cd68e10_0;
    %pad/u 32;
    %pushi/vec4 0, 0, 32;
    %cmp/ne;
    %flag_get/vec4 4;
    %and;
T_2.7;
    %flag_set/vec4 9;
    %flag_get/vec4 9;
    %jmp/0 T_2.6, 9;
    %load/vec4 v000002305cd68e10_0;
    %load/vec4 v000002305cd68b90_0;
    %cmp/e;
    %flag_get/vec4 4;
    %and;
T_2.6;
    %flag_set/vec4 8;
    %jmp/0xz  T_2.4, 8;
    %pushi/vec4 1, 0, 2;
    %store/vec4 v000002305cd67150_0, 0, 2;
    %jmp T_2.5;
T_2.4 ;
    %pushi/vec4 0, 0, 2;
    %store/vec4 v000002305cd67150_0, 0, 2;
T_2.5 ;
T_2.1 ;
    %load/vec4 v000002305cd673d0_0;
    %flag_set/vec4 10;
    %flag_get/vec4 10;
    %jmp/0 T_2.11, 10;
    %load/vec4 v000002305cd67ab0_0;
    %pad/u 32;
    %pushi/vec4 0, 0, 32;
    %cmp/ne;
    %flag_get/vec4 4;
    %and;
T_2.11;
    %flag_set/vec4 9;
    %flag_get/vec4 9;
    %jmp/0 T_2.10, 9;
    %load/vec4 v000002305cd67ab0_0;
    %load/vec4 v000002305cd678d0_0;
    %cmp/e;
    %flag_get/vec4 4;
    %and;
T_2.10;
    %flag_set/vec4 8;
    %jmp/0xz  T_2.8, 8;
    %pushi/vec4 2, 0, 2;
    %store/vec4 v000002305cd671f0_0, 0, 2;
    %jmp T_2.9;
T_2.8 ;
    %load/vec4 v000002305cd68d70_0;
    %flag_set/vec4 10;
    %flag_get/vec4 10;
    %jmp/0 T_2.15, 10;
    %load/vec4 v000002305cd68e10_0;
    %pad/u 32;
    %pushi/vec4 0, 0, 32;
    %cmp/ne;
    %flag_get/vec4 4;
    %and;
T_2.15;
    %flag_set/vec4 9;
    %flag_get/vec4 9;
    %jmp/0 T_2.14, 9;
    %load/vec4 v000002305cd68e10_0;
    %load/vec4 v000002305cd678d0_0;
    %cmp/e;
    %flag_get/vec4 4;
    %and;
T_2.14;
    %flag_set/vec4 8;
    %jmp/0xz  T_2.12, 8;
    %pushi/vec4 1, 0, 2;
    %store/vec4 v000002305cd671f0_0, 0, 2;
    %jmp T_2.13;
T_2.12 ;
    %pushi/vec4 0, 0, 2;
    %store/vec4 v000002305cd671f0_0, 0, 2;
T_2.13 ;
T_2.9 ;
    %jmp T_2;
    .thread T_2, $push;
    .scope S_000002305c8d7660;
T_3 ;
    %wait E_000002305c92eb50;
    %load/vec4 v000002305cd673d0_0;
    %flag_set/vec4 10;
    %flag_get/vec4 10;
    %jmp/0 T_3.3, 10;
    %load/vec4 v000002305cd67ab0_0;
    %pad/u 32;
    %pushi/vec4 0, 0, 32;
    %cmp/ne;
    %flag_get/vec4 4;
    %and;
T_3.3;
    %flag_set/vec4 9;
    %flag_get/vec4 9;
    %jmp/0 T_3.2, 9;
    %load/vec4 v000002305cd67ab0_0;
    %load/vec4 v000002305cd68410_0;
    %cmp/e;
    %flag_get/vec4 4;
    %and;
T_3.2;
    %flag_set/vec4 8;
    %jmp/0xz  T_3.0, 8;
    %pushi/vec4 2, 0, 2;
    %store/vec4 v000002305cd682d0_0, 0, 2;
    %jmp T_3.1;
T_3.0 ;
    %load/vec4 v000002305cd68d70_0;
    %flag_set/vec4 10;
    %flag_get/vec4 10;
    %jmp/0 T_3.7, 10;
    %load/vec4 v000002305cd68e10_0;
    %pad/u 32;
    %pushi/vec4 0, 0, 32;
    %cmp/ne;
    %flag_get/vec4 4;
    %and;
T_3.7;
    %flag_set/vec4 9;
    %flag_get/vec4 9;
    %jmp/0 T_3.6, 9;
    %load/vec4 v000002305cd68e10_0;
    %load/vec4 v000002305cd68410_0;
    %cmp/e;
    %flag_get/vec4 4;
    %and;
T_3.6;
    %flag_set/vec4 8;
    %jmp/0xz  T_3.4, 8;
    %pushi/vec4 1, 0, 2;
    %store/vec4 v000002305cd682d0_0, 0, 2;
    %jmp T_3.5;
T_3.4 ;
    %pushi/vec4 0, 0, 2;
    %store/vec4 v000002305cd682d0_0, 0, 2;
T_3.5 ;
T_3.1 ;
    %load/vec4 v000002305cd673d0_0;
    %flag_set/vec4 10;
    %flag_get/vec4 10;
    %jmp/0 T_3.11, 10;
    %load/vec4 v000002305cd67ab0_0;
    %pad/u 32;
    %pushi/vec4 0, 0, 32;
    %cmp/ne;
    %flag_get/vec4 4;
    %and;
T_3.11;
    %flag_set/vec4 9;
    %flag_get/vec4 9;
    %jmp/0 T_3.10, 9;
    %load/vec4 v000002305cd67ab0_0;
    %load/vec4 v000002305cd68af0_0;
    %cmp/e;
    %flag_get/vec4 4;
    %and;
T_3.10;
    %flag_set/vec4 8;
    %jmp/0xz  T_3.8, 8;
    %pushi/vec4 2, 0, 2;
    %store/vec4 v000002305cd684b0_0, 0, 2;
    %jmp T_3.9;
T_3.8 ;
    %load/vec4 v000002305cd68d70_0;
    %flag_set/vec4 10;
    %flag_get/vec4 10;
    %jmp/0 T_3.15, 10;
    %load/vec4 v000002305cd68e10_0;
    %pad/u 32;
    %pushi/vec4 0, 0, 32;
    %cmp/ne;
    %flag_get/vec4 4;
    %and;
T_3.15;
    %flag_set/vec4 9;
    %flag_get/vec4 9;
    %jmp/0 T_3.14, 9;
    %load/vec4 v000002305cd68e10_0;
    %load/vec4 v000002305cd68af0_0;
    %cmp/e;
    %flag_get/vec4 4;
    %and;
T_3.14;
    %flag_set/vec4 8;
    %jmp/0xz  T_3.12, 8;
    %pushi/vec4 1, 0, 2;
    %store/vec4 v000002305cd684b0_0, 0, 2;
    %jmp T_3.13;
T_3.12 ;
    %pushi/vec4 0, 0, 2;
    %store/vec4 v000002305cd684b0_0, 0, 2;
T_3.13 ;
T_3.9 ;
    %jmp T_3;
    .thread T_3, $push;
    .scope S_000002305c8c2830;
T_4 ;
    %wait E_000002305c92f110;
    %load/vec4 v000002305cd619e0_0;
    %nor/r;
    %flag_set/vec4 8;
    %jmp/0xz  T_4.0, 8;
    %pushi/vec4 0, 0, 32;
    %assign/vec4 v000002305cd62980_0, 0;
    %jmp T_4.1;
T_4.0 ;
    %load/vec4 v000002305cd62200_0;
    %flag_set/vec4 8;
    %jmp/0xz  T_4.2, 8;
    %load/vec4 v000002305cd62ca0_0;
    %assign/vec4 v000002305cd62980_0, 0;
T_4.2 ;
T_4.1 ;
    %jmp T_4;
    .thread T_4;
    .scope S_000002305c8fda00;
T_5 ;
    %vpi_call 11 12 "$readmemh", "memfile.dat", v000002305cd62f20 {0 0 0};
    %end;
    .thread T_5;
    .scope S_000002305c8c29c0;
T_6 ;
    %wait E_000002305c92f510;
    %load/vec4 v000002305cd62340_0;
    %flag_set/vec4 9;
    %flag_get/vec4 9;
    %jmp/0 T_6.2, 9;
    %load/vec4 v000002305cd613a0_0;
    %pushi/vec4 0, 0, 5;
    %cmp/ne;
    %flag_get/vec4 4;
    %and;
T_6.2;
    %flag_set/vec4 8;
    %jmp/0xz  T_6.0, 8;
    %load/vec4 v000002305cd61ee0_0;
    %load/vec4 v000002305cd613a0_0;
    %pad/u 7;
    %ix/vec4 3;
    %ix/load 4, 0, 0; Constant delay
    %assign/vec4/a/d v000002305cd61d00, 0, 4;
T_6.0 ;
    %jmp T_6;
    .thread T_6;
    .scope S_000002305c8d0ae0;
T_7 ;
    %wait E_000002305c92f050;
    %load/vec4 v000002305c94cef0_0;
    %dup/vec4;
    %pushi/vec4 0, 0, 3;
    %cmp/u;
    %jmp/1 T_7.0, 6;
    %dup/vec4;
    %pushi/vec4 1, 0, 3;
    %cmp/u;
    %jmp/1 T_7.1, 6;
    %dup/vec4;
    %pushi/vec4 2, 0, 3;
    %cmp/u;
    %jmp/1 T_7.2, 6;
    %dup/vec4;
    %pushi/vec4 6, 0, 3;
    %cmp/u;
    %jmp/1 T_7.3, 6;
    %dup/vec4;
    %pushi/vec4 7, 0, 3;
    %cmp/u;
    %jmp/1 T_7.4, 6;
    %pushi/vec4 0, 0, 32;
    %store/vec4 v000002305c94d170_0, 0, 32;
    %jmp T_7.6;
T_7.0 ;
    %load/vec4 v000002305c94d490_0;
    %load/vec4 v000002305c94e390_0;
    %and;
    %store/vec4 v000002305c94d170_0, 0, 32;
    %jmp T_7.6;
T_7.1 ;
    %load/vec4 v000002305c94d490_0;
    %load/vec4 v000002305c94e390_0;
    %or;
    %store/vec4 v000002305c94d170_0, 0, 32;
    %jmp T_7.6;
T_7.2 ;
    %load/vec4 v000002305c94d490_0;
    %load/vec4 v000002305c94e390_0;
    %add;
    %store/vec4 v000002305c94d170_0, 0, 32;
    %jmp T_7.6;
T_7.3 ;
    %load/vec4 v000002305c94d490_0;
    %load/vec4 v000002305c94e390_0;
    %sub;
    %store/vec4 v000002305c94d170_0, 0, 32;
    %jmp T_7.6;
T_7.4 ;
    %load/vec4 v000002305c94d490_0;
    %load/vec4 v000002305c94e390_0;
    %cmp/s;
    %flag_mov 8, 5;
    %jmp/0 T_7.7, 8;
    %pushi/vec4 1, 0, 32;
    %jmp/1 T_7.8, 8;
T_7.7 ; End of true expr.
    %pushi/vec4 0, 0, 32;
    %jmp/0 T_7.8, 8;
 ; End of false expr.
    %blend;
T_7.8;
    %store/vec4 v000002305c94d170_0, 0, 32;
    %jmp T_7.6;
T_7.6 ;
    %pop/vec4 1;
    %jmp T_7;
    .thread T_7, $push;
    .scope S_000002305c8fd870;
T_8 ;
    %wait E_000002305c92f110;
    %load/vec4 v000002305c94d530_0;
    %nor/r;
    %flag_set/vec4 8;
    %jmp/0xz  T_8.0, 8;
    %pushi/vec4 0, 0, 8;
    %assign/vec4 v000002305c94cf90_0, 0;
    %jmp T_8.1;
T_8.0 ;
    %load/vec4 v000002305c94cb30_0;
    %flag_set/vec4 8;
    %jmp/0xz  T_8.2, 8;
    %load/vec4 v000002305c94cf90_0;
    %addi 1, 0, 8;
    %assign/vec4 v000002305c94cf90_0, 0;
    %jmp T_8.3;
T_8.2 ;
    %pushi/vec4 0, 0, 8;
    %assign/vec4 v000002305c94cf90_0, 0;
T_8.3 ;
T_8.1 ;
    %jmp T_8;
    .thread T_8;
    .scope S_000002305c8fd870;
T_9 ;
    %wait E_000002305c92f110;
    %load/vec4 v000002305c94d530_0;
    %nor/r;
    %flag_set/vec4 8;
    %jmp/0xz  T_9.0, 8;
    %pushi/vec4 0, 0, 1;
    %assign/vec4 v000002305c94d210_0, 0;
    %jmp T_9.1;
T_9.0 ;
    %load/vec4 v000002305c94cb30_0;
    %flag_set/vec4 8;
    %jmp/0xz  T_9.2, 8;
    %load/vec4 v000002305c94cf90_0;
    %load/vec4 v000002305c94cbd0_0;
    %cmp/u;
    %flag_get/vec4 5;
    %assign/vec4 v000002305c94d210_0, 0;
    %jmp T_9.3;
T_9.2 ;
    %pushi/vec4 0, 0, 1;
    %assign/vec4 v000002305c94d210_0, 0;
T_9.3 ;
T_9.1 ;
    %jmp T_9;
    .thread T_9;
    .scope S_000002305c8d0c70;
T_10 ;
    %wait E_000002305c92f7d0;
    %load/vec4 v000002305c94d710_0;
    %flag_set/vec4 8;
    %jmp/0xz  T_10.0, 8;
    %load/vec4 v000002305c94c770_0;
    %dup/vec4;
    %pushi/vec4 152, 0, 32;
    %cmp/u;
    %jmp/1 T_10.2, 6;
    %dup/vec4;
    %pushi/vec4 156, 0, 32;
    %cmp/u;
    %jmp/1 T_10.3, 6;
    %load/vec4 v000002305cd62160_0;
    %load/vec4 v000002305c94c770_0;
    %parti/s 6, 2, 3;
    %pad/u 8;
    %ix/vec4 3;
    %ix/load 4, 0, 0; Constant delay
    %assign/vec4/a/d v000002305c933390, 0, 4;
    %jmp T_10.5;
T_10.2 ;
    %load/vec4 v000002305cd62160_0;
    %parti/s 8, 0, 2;
    %assign/vec4 v000002305c94d7b0_0, 0;
    %jmp T_10.5;
T_10.3 ;
    %load/vec4 v000002305cd62160_0;
    %parti/s 1, 0, 2;
    %assign/vec4 v000002305c94d850_0, 0;
    %jmp T_10.5;
T_10.5 ;
    %pop/vec4 1;
    %load/vec4 v000002305c94c770_0;
    %cmpi/e 152, 0, 32;
    %jmp/0xz  T_10.6, 4;
    %vpi_call 9 55 "$display", "MMIO WRITE: PWM Duty Updated to %d / 255", &PV<v000002305cd62160_0, 0, 8> {0 0 0};
T_10.6 ;
    %load/vec4 v000002305c94c770_0;
    %cmpi/e 156, 0, 32;
    %jmp/0xz  T_10.8, 4;
    %vpi_call 9 57 "$display", "MMIO WRITE: PWM Enable set to %b", &PV<v000002305cd62160_0, 0, 1> {0 0 0};
T_10.8 ;
T_10.0 ;
    %jmp T_10;
    .thread T_10;
    .scope S_000002305c8d0c70;
T_11 ;
    %wait E_000002305c92f0d0;
    %load/vec4 v000002305c94c770_0;
    %dup/vec4;
    %pushi/vec4 152, 0, 32;
    %cmp/u;
    %jmp/1 T_11.0, 6;
    %dup/vec4;
    %pushi/vec4 156, 0, 32;
    %cmp/u;
    %jmp/1 T_11.1, 6;
    %load/vec4 v000002305c933610_0;
    %store/vec4 v000002305c926be0_0, 0, 32;
    %jmp T_11.3;
T_11.0 ;
    %pushi/vec4 0, 0, 24;
    %load/vec4 v000002305c94d7b0_0;
    %concat/vec4; draw_concat_vec4
    %store/vec4 v000002305c926be0_0, 0, 32;
    %jmp T_11.3;
T_11.1 ;
    %pushi/vec4 0, 0, 31;
    %load/vec4 v000002305c94d850_0;
    %concat/vec4; draw_concat_vec4
    %store/vec4 v000002305c926be0_0, 0, 32;
    %jmp T_11.3;
T_11.3 ;
    %pop/vec4 1;
    %jmp T_11;
    .thread T_11, $push;
    .scope S_000002305c8d0c70;
T_12 ;
    %pushi/vec4 0, 0, 8;
    %store/vec4 v000002305c94d7b0_0, 0, 8;
    %pushi/vec4 0, 0, 1;
    %store/vec4 v000002305c94d850_0, 0, 1;
    %vpi_call 9 76 "$monitor", "DEBUG: Time=%0t pwm_duty=%d pwm_en=%b", $time, v000002305c94d7b0_0, v000002305c94d850_0 {0 0 0};
    %end;
    .thread T_12;
    .scope S_000002305c9dd800;
T_13 ;
    %wait E_000002305c92f110;
    %load/vec4 v000002305cd655a0_0;
    %nor/r;
    %flag_set/vec4 8;
    %jmp/0xz  T_13.0, 8;
    %pushi/vec4 0, 0, 32;
    %assign/vec4 v000002305cd63f90_0, 0;
    %pushi/vec4 0, 0, 32;
    %assign/vec4 v000002305cd65280_0, 0;
    %jmp T_13.1;
T_13.0 ;
    %load/vec4 v000002305cd65b40_0;
    %nor/r;
    %flag_set/vec4 8;
    %jmp/0xz  T_13.2, 8;
    %load/vec4 v000002305cd63e50_0;
    %assign/vec4 v000002305cd63f90_0, 0;
    %load/vec4 v000002305cd662c0_0;
    %assign/vec4 v000002305cd65280_0, 0;
T_13.2 ;
T_13.1 ;
    %jmp T_13;
    .thread T_13;
    .scope S_000002305c9dd800;
T_14 ;
    %wait E_000002305c92f110;
    %load/vec4 v000002305cd655a0_0;
    %nor/r;
    %flag_set/vec4 8;
    %jmp/1 T_14.2, 8;
    %load/vec4 v000002305cd63630_0;
    %flag_set/vec4 9;
    %flag_or 8, 9;
T_14.2;
    %jmp/0xz  T_14.0, 8;
    %pushi/vec4 0, 0, 5;
    %split/vec4 1;
    %assign/vec4 v000002305cd660e0_0, 0;
    %split/vec4 1;
    %assign/vec4 v000002305cd64670_0, 0;
    %split/vec4 1;
    %assign/vec4 v000002305cd647b0_0, 0;
    %split/vec4 1;
    %assign/vec4 v000002305cd64fd0_0, 0;
    %assign/vec4 v000002305cd66180_0, 0;
    %pushi/vec4 0, 0, 3;
    %assign/vec4 v000002305cd64990_0, 0;
    %pushi/vec4 0, 0, 96;
    %split/vec4 32;
    %assign/vec4 v000002305cd65780_0, 0;
    %split/vec4 32;
    %assign/vec4 v000002305cd65320_0, 0;
    %assign/vec4 v000002305cd66f40_0, 0;
    %pushi/vec4 0, 0, 15;
    %split/vec4 5;
    %assign/vec4 v000002305cd65960_0, 0;
    %split/vec4 5;
    %assign/vec4 v000002305cd66d60_0, 0;
    %assign/vec4 v000002305cd66360_0, 0;
    %jmp T_14.1;
T_14.0 ;
    %load/vec4 v000002305cd66cc0_0;
    %assign/vec4 v000002305cd66180_0, 0;
    %load/vec4 v000002305cd64030_0;
    %assign/vec4 v000002305cd64fd0_0, 0;
    %load/vec4 v000002305cd64490_0;
    %assign/vec4 v000002305cd647b0_0, 0;
    %load/vec4 v000002305cd645d0_0;
    %assign/vec4 v000002305cd64990_0, 0;
    %load/vec4 v000002305cd64ad0_0;
    %assign/vec4 v000002305cd64670_0, 0;
    %load/vec4 v000002305cd669a0_0;
    %assign/vec4 v000002305cd660e0_0, 0;
    %load/vec4 v000002305cd66400_0;
    %assign/vec4 v000002305cd66f40_0, 0;
    %load/vec4 v000002305cd66040_0;
    %assign/vec4 v000002305cd65320_0, 0;
    %load/vec4 v000002305cd65640_0;
    %assign/vec4 v000002305cd65780_0, 0;
    %load/vec4 v000002305cd651e0_0;
    %assign/vec4 v000002305cd66360_0, 0;
    %load/vec4 v000002305cd65140_0;
    %assign/vec4 v000002305cd66d60_0, 0;
    %load/vec4 v000002305cd634f0_0;
    %parti/s 5, 11, 5;
    %assign/vec4 v000002305cd65960_0, 0;
T_14.1 ;
    %jmp T_14;
    .thread T_14;
    .scope S_000002305c9dd800;
T_15 ;
    %wait E_000002305c92f110;
    %load/vec4 v000002305cd655a0_0;
    %nor/r;
    %flag_set/vec4 8;
    %jmp/0xz  T_15.0, 8;
    %pushi/vec4 0, 0, 3;
    %split/vec4 1;
    %assign/vec4 v000002305cd64850_0, 0;
    %split/vec4 1;
    %assign/vec4 v000002305cd642b0_0, 0;
    %assign/vec4 v000002305cd65d20_0, 0;
    %pushi/vec4 0, 0, 64;
    %split/vec4 32;
    %assign/vec4 v000002305cd65be0_0, 0;
    %assign/vec4 v000002305cd64d50_0, 0;
    %pushi/vec4 0, 0, 5;
    %assign/vec4 v000002305cd66900_0, 0;
    %jmp T_15.1;
T_15.0 ;
    %load/vec4 v000002305cd66180_0;
    %assign/vec4 v000002305cd65d20_0, 0;
    %load/vec4 v000002305cd64fd0_0;
    %assign/vec4 v000002305cd642b0_0, 0;
    %load/vec4 v000002305cd647b0_0;
    %assign/vec4 v000002305cd64850_0, 0;
    %load/vec4 v000002305cd63450_0;
    %assign/vec4 v000002305cd64d50_0, 0;
    %load/vec4 v000002305cd66860_0;
    %assign/vec4 v000002305cd65be0_0, 0;
    %load/vec4 v000002305cd665e0_0;
    %assign/vec4 v000002305cd66900_0, 0;
T_15.1 ;
    %jmp T_15;
    .thread T_15;
    .scope S_000002305c9dd800;
T_16 ;
    %wait E_000002305c92f110;
    %load/vec4 v000002305cd655a0_0;
    %nor/r;
    %flag_set/vec4 8;
    %jmp/0xz  T_16.0, 8;
    %pushi/vec4 0, 0, 2;
    %split/vec4 1;
    %assign/vec4 v000002305cd64710_0, 0;
    %assign/vec4 v000002305cd658c0_0, 0;
    %pushi/vec4 0, 0, 64;
    %split/vec4 32;
    %assign/vec4 v000002305cd64170_0, 0;
    %assign/vec4 v000002305cd66220_0, 0;
    %pushi/vec4 0, 0, 5;
    %assign/vec4 v000002305cd66ae0_0, 0;
    %jmp T_16.1;
T_16.0 ;
    %load/vec4 v000002305cd65d20_0;
    %assign/vec4 v000002305cd658c0_0, 0;
    %load/vec4 v000002305cd642b0_0;
    %assign/vec4 v000002305cd64710_0, 0;
    %load/vec4 v000002305cd65c80_0;
    %assign/vec4 v000002305cd66220_0, 0;
    %load/vec4 v000002305cd64d50_0;
    %assign/vec4 v000002305cd64170_0, 0;
    %load/vec4 v000002305cd66900_0;
    %assign/vec4 v000002305cd66ae0_0, 0;
T_16.1 ;
    %jmp T_16;
    .thread T_16;
    .scope S_000002305c950b50;
T_17 ;
    %pushi/vec4 0, 0, 1;
    %store/vec4 v000002305cd6a4c0_0, 0, 1;
T_17.0 ;
    %delay 5000, 0;
    %load/vec4 v000002305cd6a4c0_0;
    %inv;
    %store/vec4 v000002305cd6a4c0_0, 0, 1;
    %jmp T_17.0;
    %end;
    .thread T_17;
    .scope S_000002305c950b50;
T_18 ;
    %vpi_call 2 43 "$dumpfile", "mips.vcd" {0 0 0};
    %vpi_call 2 44 "$dumpvars", 32'sb00000000000000000000000000000000, S_000002305c950b50 {0 0 0};
    %end;
    .thread T_18;
    .scope S_000002305c950b50;
T_19 ;
    %pushi/vec4 0, 0, 1;
    %store/vec4 v000002305cd69700_0, 0, 1;
    %delay 15000, 0;
    %pushi/vec4 1, 0, 1;
    %store/vec4 v000002305cd69700_0, 0, 1;
    %vpi_call 2 55 "$display", "===========================================" {0 0 0};
    %vpi_call 2 56 "$display", "   MIPS Class 12: Synced Simulation        " {0 0 0};
    %vpi_call 2 57 "$display", "===========================================" {0 0 0};
    %delay 300000000, 0;
    %vpi_call 2 67 "$display", "===========================================" {0 0 0};
    %vpi_call 2 68 "$display", "   Simulation Complete                   " {0 0 0};
    %vpi_call 2 69 "$display", "===========================================" {0 0 0};
    %vpi_call 2 70 "$finish" {0 0 0};
    %end;
    .thread T_19;
# The file index is used to find the file name in the following table.
:file_names 15;
    "N/A";
    "<interactive>";
    "mips_tb.v";
    "mips.v";
    "control_unit.v";
    "alu_decoder.v";
    "main_decoder.v";
    "datapath.v";
    "alu.v";
    "data_memory.v";
    "pwm_controller.v";
    "instruction_memory.v";
    "pc.v";
    "reg_file.v";
    "hazard_unit.v";
